{"/home/toan/school-portal-admin/src/squads/communication/communication.config.ts": {"path":"/home/toan/school-portal-admin/src/squads/communication/communication.config.ts","statementMap":{},"fnMap":{},"branchMap":{},"s":{},"f":{},"b":{}}
,"/home/toan/school-portal-admin/src/squads/communication/mana.config.ts": {"path":"/home/toan/school-portal-admin/src/squads/communication/mana.config.ts","statementMap":{},"fnMap":{"0":{"name":"(anonymous_0)","decl":{"start":{"line":12,"column":25},"end":{"line":12,"column":26}},"loc":{"start":{"line":12,"column":37},"end":{"line":12,"column":39}},"line":12}},"branchMap":{},"s":{},"f":{"0":0},"b":{}}
,"/home/toan/school-portal-admin/src/squads/communication/__generated__/bob/root-types.ts": {"path":"/home/toan/school-portal-admin/src/squads/communication/__generated__/bob/root-types.ts","statementMap":{},"fnMap":{},"branchMap":{},"s":{},"f":{},"b":{}}
,"/home/toan/school-portal-admin/src/squads/communication/common/constants/const.ts": {"path":"/home/toan/school-portal-admin/src/squads/communication/common/constants/const.ts","statementMap":{"0":{"start":{"line":24,"column":30},"end":{"line":24,"column":77}},"1":{"start":{"line":26,"column":25},"end":{"line":26,"column":56}},"2":{"start":{"line":27,"column":29},"end":{"line":27,"column":55}},"3":{"start":{"line":28,"column":44},"end":{"line":28,"column":81}},"4":{"start":{"line":29,"column":35},"end":{"line":29,"column":68}},"5":{"start":{"line":30,"column":48},"end":{"line":30,"column":94}},"6":{"start":{"line":31,"column":37},"end":{"line":31,"column":72}},"7":{"start":{"line":32,"column":36},"end":{"line":32,"column":70}},"8":{"start":{"line":33,"column":41},"end":{"line":33,"column":80}},"9":{"start":{"line":34,"column":38},"end":{"line":34,"column":90}},"10":{"start":{"line":35,"column":32},"end":{"line":35,"column":61}},"11":{"start":{"line":37,"column":50},"end":{"line":37,"column":53}}},"fnMap":{},"branchMap":{},"s":{"0":80,"1":80,"2":80,"3":80,"4":80,"5":80,"6":80,"7":80,"8":80,"9":80,"10":80,"11":80},"f":{},"b":{},"_coverageSchema":"1a1c01bbd47fc00a2c39e90264f33305004495a9","hash":"3b6c8e04cb9e0ea0c01f82e51582988c52859038"}
,"/home/toan/school-portal-admin/src/squads/communication/common/constants/enum.ts": {"path":"/home/toan/school-portal-admin/src/squads/communication/common/constants/enum.ts","statementMap":{"0":{"start":{"line":1,"column":33},"end":{"line":1,"column":38}},"1":{"start":{"line":2,"column":32},"end":{"line":2,"column":35}},"2":{"start":{"line":4,"column":33},"end":{"line":4,"column":35}},"3":{"start":{"line":5,"column":33},"end":{"line":5,"column":34}},"4":{"start":{"line":7,"column":35},"end":{"line":7,"column":37}},"5":{"start":{"line":9,"column":43},"end":{"line":9,"column":47}},"6":{"start":{"line":10,"column":41},"end":{"line":10,"column":45}},"7":{"start":{"line":12,"column":30},"end":{"line":12,"column":33}}},"fnMap":{},"branchMap":{},"s":{"0":20,"1":20,"2":20,"3":20,"4":20,"5":20,"6":20,"7":20},"f":{},"b":{},"_coverageSchema":"1a1c01bbd47fc00a2c39e90264f33305004495a9","hash":"dc180506c9de7c461c623a0e3512863df9c5c7c6"}
,"/home/toan/school-portal-admin/src/squads/communication/common/constants/feature-keys.ts": {"path":"/home/toan/school-portal-admin/src/squads/communication/common/constants/feature-keys.ts","statementMap":{},"fnMap":{},"branchMap":{},"s":{},"f":{},"b":{},"_coverageSchema":"1a1c01bbd47fc00a2c39e90264f33305004495a9","hash":"0330055f48cba2c5f7c518506cf592d71ff30a26"}
,"/home/toan/school-portal-admin/src/squads/communication/common/constants/types.ts": {"path":"/home/toan/school-portal-admin/src/squads/communication/common/constants/types.ts","statementMap":{},"fnMap":{},"branchMap":{},"s":{},"f":{},"b":{}}
,"/home/toan/school-portal-admin/src/squads/communication/common/utils/choice.ts": {"path":"/home/toan/school-portal-admin/src/squads/communication/common/utils/choice.ts","statementMap":{"0":{"start":{"line":5,"column":34},"end":{"line":9,"column":1}}},"fnMap":{},"branchMap":{},"s":{"0":13},"f":{},"b":{},"_coverageSchema":"1a1c01bbd47fc00a2c39e90264f33305004495a9","hash":"be0f4cedab92343e53db3bf313f7ead2bfb642b5"}
,"/home/toan/school-portal-admin/src/squads/communication/common/utils/files.ts": {"path":"/home/toan/school-portal-admin/src/squads/communication/common/utils/files.ts","statementMap":{"0":{"start":{"line":8,"column":21},"end":{"line":8,"column":31}},"1":{"start":{"line":9,"column":16},"end":{"line":9,"column":66}},"2":{"start":{"line":11,"column":4},"end":{"line":11,"column":47}},"3":{"start":{"line":15,"column":16},"end":{"line":15,"column":47}},"4":{"start":{"line":16,"column":17},"end":{"line":16,"column":44}},"5":{"start":{"line":18,"column":4},"end":{"line":18,"column":20}},"6":{"start":{"line":19,"column":4},"end":{"line":19,"column":46}},"7":{"start":{"line":21,"column":4},"end":{"line":21,"column":17}},"8":{"start":{"line":22,"column":4},"end":{"line":22,"column":18}}},"fnMap":{"0":{"name":"createCsvFile","decl":{"start":{"line":7,"column":16},"end":{"line":7,"column":29}},"loc":{"start":{"line":7,"column":86},"end":{"line":12,"column":1}},"line":7},"1":{"name":"handleDownloadFile","decl":{"start":{"line":14,"column":16},"end":{"line":14,"column":34}},"loc":{"start":{"line":14,"column":96},"end":{"line":23,"column":1}},"line":14}},"branchMap":{},"s":{"0":1,"1":1,"2":1,"3":1,"4":1,"5":1,"6":1,"7":1,"8":1},"f":{"0":1,"1":1},"b":{},"_coverageSchema":"1a1c01bbd47fc00a2c39e90264f33305004495a9","hash":"f309208b4a65ff90824ba875dac1a46f2e323d35"}
,"/home/toan/school-portal-admin/src/squads/communication/common/utils/other.ts": {"path":"/home/toan/school-portal-admin/src/squads/communication/common/utils/other.ts","statementMap":{"0":{"start":{"line":2,"column":4},"end":{"line":4,"column":5}},"1":{"start":{"line":3,"column":8},"end":{"line":3,"column":27}},"2":{"start":{"line":6,"column":25},"end":{"line":6,"column":57}},"3":{"start":{"line":8,"column":4},"end":{"line":10,"column":5}},"4":{"start":{"line":9,"column":8},"end":{"line":9,"column":32}},"5":{"start":{"line":12,"column":4},"end":{"line":12,"column":17}},"6":{"start":{"line":16,"column":4},"end":{"line":16,"column":62}},"7":{"start":{"line":27,"column":4},"end":{"line":29,"column":68}},"8":{"start":{"line":28,"column":39},"end":{"line":28,"column":80}},"9":{"start":{"line":29,"column":39},"end":{"line":29,"column":66}}},"fnMap":{"0":{"name":"stringifyReplacer","decl":{"start":{"line":1,"column":9},"end":{"line":1,"column":26}},"loc":{"start":{"line":1,"column":71},"end":{"line":13,"column":1}},"line":1},"1":{"name":"safeStringify","decl":{"start":{"line":15,"column":16},"end":{"line":15,"column":29}},"loc":{"start":{"line":15,"column":69},"end":{"line":17,"column":1}},"line":15},"2":{"name":"getAlphabetArray","decl":{"start":{"line":24,"column":16},"end":{"line":24,"column":32}},"loc":{"start":{"line":26,"column":17},"end":{"line":30,"column":1}},"line":26},"3":{"name":"(anonymous_3)","decl":{"start":{"line":28,"column":29},"end":{"line":28,"column":30}},"loc":{"start":{"line":28,"column":39},"end":{"line":28,"column":80}},"line":28},"4":{"name":"(anonymous_4)","decl":{"start":{"line":29,"column":29},"end":{"line":29,"column":30}},"loc":{"start":{"line":29,"column":39},"end":{"line":29,"column":66}},"line":29}},"branchMap":{"0":{"loc":{"start":{"line":2,"column":4},"end":{"line":4,"column":5}},"type":"if","locations":[{"start":{"line":2,"column":4},"end":{"line":4,"column":5}},{"start":{},"end":{}}],"line":2},"1":{"loc":{"start":{"line":8,"column":4},"end":{"line":10,"column":5}},"type":"if","locations":[{"start":{"line":8,"column":4},"end":{"line":10,"column":5}},{"start":{},"end":{}}],"line":8},"2":{"loc":{"start":{"line":25,"column":4},"end":{"line":25,"column":57}},"type":"default-arg","locations":[{"start":{"line":25,"column":46},"end":{"line":25,"column":57}}],"line":25},"3":{"loc":{"start":{"line":27,"column":11},"end":{"line":29,"column":67}},"type":"cond-expr","locations":[{"start":{"line":28,"column":10},"end":{"line":28,"column":81}},{"start":{"line":29,"column":10},"end":{"line":29,"column":67}}],"line":27}},"s":{"0":0,"1":0,"2":0,"3":0,"4":0,"5":0,"6":0,"7":185,"8":4810,"9":0},"f":{"0":0,"1":0,"2":185,"3":4810,"4":0},"b":{"0":[0,0],"1":[0,0],"2":[0],"3":[185,0]},"_coverageSchema":"1a1c01bbd47fc00a2c39e90264f33305004495a9","hash":"2b2a5361e785c16fd9e3c46259975fd8f2e96734"}
,"/home/toan/school-portal-admin/src/squads/communication/common/utils/questionnaire-table-utils.tsx": {"path":"/home/toan/school-portal-admin/src/squads/communication/common/utils/questionnaire-table-utils.tsx","statementMap":{"0":{"start":{"line":30,"column":45},"end":{"line":40,"column":1}},"1":{"start":{"line":33,"column":4},"end":{"line":35,"column":5}},"2":{"start":{"line":34,"column":8},"end":{"line":34,"column":18}},"3":{"start":{"line":37,"column":4},"end":{"line":39,"column":8}},"4":{"start":{"line":37,"column":48},"end":{"line":39,"column":5}},"5":{"start":{"line":42,"column":47},"end":{"line":59,"column":1}},"6":{"start":{"line":46,"column":4},"end":{"line":48,"column":5}},"7":{"start":{"line":47,"column":8},"end":{"line":47,"column":18}},"8":{"start":{"line":50,"column":4},"end":{"line":58,"column":12}},"9":{"start":{"line":51,"column":30},"end":{"line":51,"column":65}},"10":{"start":{"line":52,"column":41},"end":{"line":58,"column":9}},"11":{"start":{"line":61,"column":37},"end":{"line":64,"column":7}},"12":{"start":{"line":62,"column":4},"end":{"line":64,"column":7}},"13":{"start":{"line":62,"column":59},"end":{"line":64,"column":5}},"14":{"start":{"line":72,"column":40},"end":{"line":85,"column":1}},"15":{"start":{"line":76,"column":24},"end":{"line":76,"column":92}},"16":{"start":{"line":76,"column":67},"end":{"line":76,"column":91}},"17":{"start":{"line":77,"column":24},"end":{"line":77,"column":53}},"18":{"start":{"line":80,"column":8},"end":{"line":82,"column":38}},"19":{"start":{"line":84,"column":4},"end":{"line":84,"column":25}},"20":{"start":{"line":113,"column":51},"end":{"line":144,"column":1}},"21":{"start":{"line":120,"column":30},"end":{"line":136,"column":5}},"22":{"start":{"line":122,"column":40},"end":{"line":122,"column":78}},"23":{"start":{"line":124,"column":12},"end":{"line":124,"column":82}},"24":{"start":{"line":124,"column":31},"end":{"line":124,"column":82}},"25":{"start":{"line":126,"column":29},"end":{"line":128,"column":13}},"26":{"start":{"line":127,"column":30},"end":{"line":127,"column":90}},"27":{"start":{"line":131,"column":16},"end":{"line":131,"column":85}},"28":{"start":{"line":133,"column":12},"end":{"line":133,"column":88}},"29":{"start":{"line":138,"column":25},"end":{"line":141,"column":6}},"30":{"start":{"line":140,"column":8},"end":{"line":140,"column":77}},"31":{"start":{"line":143,"column":4},"end":{"line":143,"column":24}},"32":{"start":{"line":146,"column":45},"end":{"line":157,"column":6}},"33":{"start":{"line":150,"column":4},"end":{"line":157,"column":6}},"34":{"start":{"line":151,"column":8},"end":{"line":156,"column":10}},"35":{"start":{"line":159,"column":46},"end":{"line":196,"column":7}},"36":{"start":{"line":163,"column":4},"end":{"line":196,"column":7}},"37":{"start":{"line":163,"column":44},"end":{"line":196,"column":5}},"38":{"start":{"line":167,"column":39},"end":{"line":167,"column":60}},"39":{"start":{"line":169,"column":12},"end":{"line":179,"column":18}},"40":{"start":{"line":170,"column":16},"end":{"line":179,"column":18}},"41":{"start":{"line":181,"column":12},"end":{"line":188,"column":14}},"42":{"start":{"line":198,"column":35},"end":{"line":252,"column":1}},"43":{"start":{"line":202,"column":70},"end":{"line":247,"column":5}},"44":{"start":{"line":207,"column":16},"end":{"line":207,"column":96}},"45":{"start":{"line":219,"column":16},"end":{"line":224,"column":22}},"46":{"start":{"line":220,"column":20},"end":{"line":224,"column":22}},"47":{"start":{"line":226,"column":16},"end":{"line":238,"column":18}},"48":{"start":{"line":249,"column":8},"end":{"line":249,"column":68}},"49":{"start":{"line":251,"column":4},"end":{"line":251,"column":49}},"50":{"start":{"line":254,"column":42},"end":{"line":265,"column":1}},"51":{"start":{"line":257,"column":4},"end":{"line":264,"column":5}},"52":{"start":{"line":258,"column":8},"end":{"line":263,"column":9}},"53":{"start":{"line":259,"column":12},"end":{"line":261,"column":14}},"54":{"start":{"line":262,"column":12},"end":{"line":262,"column":18}},"55":{"start":{"line":267,"column":41},"end":{"line":269,"column":53}},"56":{"start":{"line":269,"column":6},"end":{"line":269,"column":52}},"57":{"start":{"line":271,"column":25},"end":{"line":283,"column":1}},"58":{"start":{"line":272,"column":4},"end":{"line":282,"column":6}},"59":{"start":{"line":275,"column":12},"end":{"line":280,"column":14}},"60":{"start":{"line":285,"column":48},"end":{"line":300,"column":1}},"61":{"start":{"line":289,"column":33},"end":{"line":289,"column":90}},"62":{"start":{"line":291,"column":4},"end":{"line":291,"column":53}},"63":{"start":{"line":293,"column":28},"end":{"line":293,"column":99}},"64":{"start":{"line":293,"column":63},"end":{"line":293,"column":98}},"65":{"start":{"line":295,"column":23},"end":{"line":295,"column":47}},"66":{"start":{"line":297,"column":23},"end":{"line":297,"column":48}},"67":{"start":{"line":299,"column":4},"end":{"line":299,"column":49}}},"fnMap":{"0":{"name":"(anonymous_0)","decl":{"start":{"line":30,"column":45},"end":{"line":30,"column":46}},"loc":{"start":{"line":32,"column":24},"end":{"line":40,"column":1}},"line":32},"1":{"name":"(anonymous_1)","decl":{"start":{"line":37,"column":29},"end":{"line":37,"column":30}},"loc":{"start":{"line":37,"column":48},"end":{"line":39,"column":5}},"line":37},"2":{"name":"(anonymous_2)","decl":{"start":{"line":42,"column":47},"end":{"line":42,"column":48}},"loc":{"start":{"line":45,"column":26},"end":{"line":59,"column":1}},"line":45},"3":{"name":"(anonymous_3)","decl":{"start":{"line":51,"column":14},"end":{"line":51,"column":15}},"loc":{"start":{"line":51,"column":30},"end":{"line":51,"column":65}},"line":51},"4":{"name":"(anonymous_4)","decl":{"start":{"line":52,"column":13},"end":{"line":52,"column":14}},"loc":{"start":{"line":52,"column":41},"end":{"line":58,"column":9}},"line":52},"5":{"name":"(anonymous_5)","decl":{"start":{"line":61,"column":37},"end":{"line":61,"column":38}},"loc":{"start":{"line":62,"column":4},"end":{"line":64,"column":7}},"line":62},"6":{"name":"(anonymous_6)","decl":{"start":{"line":62,"column":52},"end":{"line":62,"column":53}},"loc":{"start":{"line":62,"column":59},"end":{"line":64,"column":5}},"line":62},"7":{"name":"(anonymous_7)","decl":{"start":{"line":72,"column":40},"end":{"line":72,"column":41}},"loc":{"start":{"line":75,"column":13},"end":{"line":85,"column":1}},"line":75},"8":{"name":"(anonymous_8)","decl":{"start":{"line":76,"column":55},"end":{"line":76,"column":56}},"loc":{"start":{"line":76,"column":67},"end":{"line":76,"column":91}},"line":76},"9":{"name":"(anonymous_9)","decl":{"start":{"line":113,"column":51},"end":{"line":113,"column":52}},"loc":{"start":{"line":119,"column":5},"end":{"line":144,"column":1}},"line":119},"10":{"name":"(anonymous_10)","decl":{"start":{"line":121,"column":8},"end":{"line":121,"column":9}},"loc":{"start":{"line":121,"column":69},"end":{"line":134,"column":9}},"line":121},"11":{"name":"(anonymous_11)","decl":{"start":{"line":127,"column":16},"end":{"line":127,"column":17}},"loc":{"start":{"line":127,"column":30},"end":{"line":127,"column":90}},"line":127},"12":{"name":"(anonymous_12)","decl":{"start":{"line":138,"column":61},"end":{"line":138,"column":62}},"loc":{"start":{"line":138,"column":70},"end":{"line":141,"column":5}},"line":138},"13":{"name":"(anonymous_13)","decl":{"start":{"line":146,"column":45},"end":{"line":146,"column":46}},"loc":{"start":{"line":150,"column":4},"end":{"line":157,"column":6}},"line":150},"14":{"name":"(anonymous_14)","decl":{"start":{"line":150,"column":24},"end":{"line":150,"column":25}},"loc":{"start":{"line":150,"column":96},"end":{"line":157,"column":5}},"line":150},"15":{"name":"(anonymous_15)","decl":{"start":{"line":159,"column":46},"end":{"line":159,"column":47}},"loc":{"start":{"line":163,"column":4},"end":{"line":196,"column":7}},"line":163},"16":{"name":"(anonymous_16)","decl":{"start":{"line":163,"column":22},"end":{"line":163,"column":23}},"loc":{"start":{"line":163,"column":44},"end":{"line":196,"column":5}},"line":163},"17":{"name":"(anonymous_17)","decl":{"start":{"line":166,"column":16},"end":{"line":166,"column":17}},"loc":{"start":{"line":166,"column":28},"end":{"line":189,"column":9}},"line":166},"18":{"name":"(anonymous_18)","decl":{"start":{"line":198,"column":35},"end":{"line":198,"column":36}},"loc":{"start":{"line":201,"column":5},"end":{"line":252,"column":1}},"line":201},"19":{"name":"(anonymous_19)","decl":{"start":{"line":206,"column":20},"end":{"line":206,"column":21}},"loc":{"start":{"line":207,"column":16},"end":{"line":207,"column":96}},"line":207},"20":{"name":"(anonymous_20)","decl":{"start":{"line":218,"column":20},"end":{"line":218,"column":21}},"loc":{"start":{"line":218,"column":32},"end":{"line":239,"column":13}},"line":218},"21":{"name":"(anonymous_21)","decl":{"start":{"line":254,"column":42},"end":{"line":254,"column":43}},"loc":{"start":{"line":256,"column":5},"end":{"line":265,"column":1}},"line":256},"22":{"name":"(anonymous_22)","decl":{"start":{"line":267,"column":41},"end":{"line":267,"column":42}},"loc":{"start":{"line":269,"column":6},"end":{"line":269,"column":52}},"line":269},"23":{"name":"(anonymous_23)","decl":{"start":{"line":271,"column":25},"end":{"line":271,"column":26}},"loc":{"start":{"line":271,"column":75},"end":{"line":283,"column":1}},"line":271},"24":{"name":"(anonymous_24)","decl":{"start":{"line":273,"column":8},"end":{"line":273,"column":9}},"loc":{"start":{"line":273,"column":60},"end":{"line":281,"column":9}},"line":273},"25":{"name":"(anonymous_25)","decl":{"start":{"line":285,"column":48},"end":{"line":285,"column":49}},"loc":{"start":{"line":288,"column":5},"end":{"line":300,"column":1}},"line":288},"26":{"name":"(anonymous_26)","decl":{"start":{"line":293,"column":53},"end":{"line":293,"column":54}},"loc":{"start":{"line":293,"column":63},"end":{"line":293,"column":98}},"line":293}},"branchMap":{"0":{"loc":{"start":{"line":33,"column":4},"end":{"line":35,"column":5}},"type":"if","locations":[{"start":{"line":33,"column":4},"end":{"line":35,"column":5}},{"start":{},"end":{}}],"line":33},"1":{"loc":{"start":{"line":46,"column":4},"end":{"line":48,"column":5}},"type":"if","locations":[{"start":{"line":46,"column":4},"end":{"line":48,"column":5}},{"start":{},"end":{}}],"line":46},"2":{"loc":{"start":{"line":80,"column":8},"end":{"line":82,"column":38}},"type":"cond-expr","locations":[{"start":{"line":81,"column":14},"end":{"line":81,"column":27}},{"start":{"line":82,"column":14},"end":{"line":82,"column":38}}],"line":80},"3":{"loc":{"start":{"line":118,"column":4},"end":{"line":118,"column":39}},"type":"default-arg","locations":[{"start":{"line":118,"column":36},"end":{"line":118,"column":39}}],"line":118},"4":{"loc":{"start":{"line":122,"column":40},"end":{"line":122,"column":78}},"type":"binary-expr","locations":[{"start":{"line":122,"column":40},"end":{"line":122,"column":72}},{"start":{"line":122,"column":76},"end":{"line":122,"column":78}}],"line":122},"5":{"loc":{"start":{"line":124,"column":12},"end":{"line":124,"column":82}},"type":"if","locations":[{"start":{"line":124,"column":12},"end":{"line":124,"column":82}},{"start":{},"end":{}}],"line":124},"6":{"loc":{"start":{"line":131,"column":16},"end":{"line":131,"column":85}},"type":"binary-expr","locations":[{"start":{"line":131,"column":17},"end":{"line":131,"column":25}},{"start":{"line":131,"column":29},"end":{"line":131,"column":78}},{"start":{"line":131,"column":83},"end":{"line":131,"column":85}}],"line":131},"7":{"loc":{"start":{"line":169,"column":12},"end":{"line":179,"column":18}},"type":"if","locations":[{"start":{"line":169,"column":12},"end":{"line":179,"column":18}},{"start":{},"end":{}}],"line":169},"8":{"loc":{"start":{"line":193,"column":26},"end":{"line":193,"column":89}},"type":"cond-expr","locations":[{"start":{"line":193,"column":74},"end":{"line":193,"column":79}},{"start":{"line":193,"column":82},"end":{"line":193,"column":89}}],"line":193},"9":{"loc":{"start":{"line":219,"column":16},"end":{"line":224,"column":22}},"type":"if","locations":[{"start":{"line":219,"column":16},"end":{"line":224,"column":22}},{"start":{},"end":{}}],"line":219},"10":{"loc":{"start":{"line":258,"column":8},"end":{"line":263,"column":9}},"type":"if","locations":[{"start":{"line":258,"column":8},"end":{"line":263,"column":9}},{"start":{},"end":{}}],"line":258},"11":{"loc":{"start":{"line":269,"column":6},"end":{"line":269,"column":52}},"type":"cond-expr","locations":[{"start":{"line":269,"column":34},"end":{"line":269,"column":39}},{"start":{"line":269,"column":42},"end":{"line":269,"column":52}}],"line":269}},"s":{"0":20,"1":15,"2":5,"3":10,"4":20,"5":20,"6":10,"7":6,"8":4,"9":6,"10":10,"11":20,"12":19,"13":38,"14":20,"15":160,"16":240,"17":160,"18":160,"19":160,"20":20,"21":26,"22":160,"23":160,"24":56,"25":160,"26":386,"27":160,"28":160,"29":26,"30":104,"31":26,"32":20,"33":13,"34":22,"35":20,"36":14,"37":56,"38":72,"39":72,"40":18,"41":54,"42":20,"43":13,"44":18,"45":18,"46":9,"47":9,"48":13,"49":13,"50":20,"51":3,"52":8,"53":1,"54":1,"55":20,"56":0,"57":20,"58":1,"59":2,"60":20,"61":1,"62":1,"63":1,"64":6,"65":1,"66":1,"67":1},"f":{"0":15,"1":20,"2":10,"3":6,"4":10,"5":19,"6":38,"7":160,"8":240,"9":26,"10":160,"11":386,"12":104,"13":13,"14":22,"15":14,"16":56,"17":72,"18":13,"19":18,"20":18,"21":3,"22":0,"23":1,"24":2,"25":1,"26":6},"b":{"0":[5,10],"1":[6,4],"2":[26,134],"3":[25],"4":[160,104],"5":[56,104],"6":[160,160,0],"7":[18,54],"8":[14,42],"9":[9,9],"10":[1,7],"11":[0,0]},"_coverageSchema":"1a1c01bbd47fc00a2c39e90264f33305004495a9","hash":"ad17594201d9b6c5a554dd02474261bd99b6ae79"}
,"/home/toan/school-portal-admin/src/squads/communication/common/utils/questionnaire-utils.ts": {"path":"/home/toan/school-portal-admin/src/squads/communication/common/utils/questionnaire-utils.ts","statementMap":{"0":{"start":{"line":14,"column":52},"end":{"line":17,"column":42}},"1":{"start":{"line":17,"column":5},"end":{"line":17,"column":42}},"2":{"start":{"line":19,"column":46},"end":{"line":22,"column":42}},"3":{"start":{"line":22,"column":5},"end":{"line":22,"column":42}},"4":{"start":{"line":24,"column":57},"end":{"line":46,"column":10}},"5":{"start":{"line":27,"column":4},"end":{"line":46,"column":10}},"6":{"start":{"line":29,"column":12},"end":{"line":29,"column":80}},"7":{"start":{"line":29,"column":65},"end":{"line":29,"column":79}},"8":{"start":{"line":32,"column":12},"end":{"line":32,"column":88}},"9":{"start":{"line":34,"column":48},"end":{"line":41,"column":9}},"10":{"start":{"line":43,"column":8},"end":{"line":43,"column":36}},"11":{"start":{"line":45,"column":8},"end":{"line":45,"column":28}},"12":{"start":{"line":48,"column":41},"end":{"line":49,"column":68}},"13":{"start":{"line":49,"column":4},"end":{"line":49,"column":68}},"14":{"start":{"line":51,"column":51},"end":{"line":52,"column":45}},"15":{"start":{"line":52,"column":4},"end":{"line":52,"column":45}},"16":{"start":{"line":54,"column":54},"end":{"line":64,"column":1}},"17":{"start":{"line":59,"column":4},"end":{"line":59,"column":40}},"18":{"start":{"line":59,"column":30},"end":{"line":59,"column":40}},"19":{"start":{"line":60,"column":4},"end":{"line":62,"column":5}},"20":{"start":{"line":61,"column":8},"end":{"line":61,"column":22}},"21":{"start":{"line":63,"column":4},"end":{"line":63,"column":84}},"22":{"start":{"line":66,"column":44},"end":{"line":73,"column":1}},"23":{"start":{"line":71,"column":4},"end":{"line":71,"column":53}},"24":{"start":{"line":71,"column":44},"end":{"line":71,"column":53}},"25":{"start":{"line":72,"column":4},"end":{"line":72,"column":67}},"26":{"start":{"line":72,"column":43},"end":{"line":72,"column":59}},"27":{"start":{"line":75,"column":36},"end":{"line":81,"column":1}},"28":{"start":{"line":80,"column":4},"end":{"line":80,"column":94}}},"fnMap":{"0":{"name":"(anonymous_0)","decl":{"start":{"line":14,"column":52},"end":{"line":14,"column":53}},"loc":{"start":{"line":17,"column":5},"end":{"line":17,"column":42}},"line":17},"1":{"name":"(anonymous_1)","decl":{"start":{"line":19,"column":46},"end":{"line":19,"column":47}},"loc":{"start":{"line":22,"column":5},"end":{"line":22,"column":42}},"line":22},"2":{"name":"(anonymous_2)","decl":{"start":{"line":24,"column":57},"end":{"line":24,"column":58}},"loc":{"start":{"line":27,"column":4},"end":{"line":46,"column":10}},"line":27},"3":{"name":"(anonymous_3)","decl":{"start":{"line":27,"column":55},"end":{"line":27,"column":56}},"loc":{"start":{"line":27,"column":90},"end":{"line":46,"column":5}},"line":27},"4":{"name":"(anonymous_4)","decl":{"start":{"line":29,"column":53},"end":{"line":29,"column":54}},"loc":{"start":{"line":29,"column":65},"end":{"line":29,"column":79}},"line":29},"5":{"name":"(anonymous_5)","decl":{"start":{"line":48,"column":41},"end":{"line":48,"column":42}},"loc":{"start":{"line":49,"column":4},"end":{"line":49,"column":68}},"line":49},"6":{"name":"(anonymous_6)","decl":{"start":{"line":51,"column":51},"end":{"line":51,"column":52}},"loc":{"start":{"line":52,"column":4},"end":{"line":52,"column":45}},"line":52},"7":{"name":"(anonymous_7)","decl":{"start":{"line":54,"column":54},"end":{"line":54,"column":55}},"loc":{"start":{"line":58,"column":5},"end":{"line":64,"column":1}},"line":58},"8":{"name":"(anonymous_8)","decl":{"start":{"line":66,"column":44},"end":{"line":66,"column":45}},"loc":{"start":{"line":70,"column":5},"end":{"line":73,"column":1}},"line":70},"9":{"name":"(anonymous_9)","decl":{"start":{"line":72,"column":31},"end":{"line":72,"column":32}},"loc":{"start":{"line":72,"column":43},"end":{"line":72,"column":59}},"line":72},"10":{"name":"(anonymous_10)","decl":{"start":{"line":75,"column":36},"end":{"line":75,"column":37}},"loc":{"start":{"line":79,"column":5},"end":{"line":81,"column":1}},"line":79}},"branchMap":{"0":{"loc":{"start":{"line":32,"column":12},"end":{"line":32,"column":88}},"type":"cond-expr","locations":[{"start":{"line":32,"column":73},"end":{"line":32,"column":75}},{"start":{"line":32,"column":78},"end":{"line":32,"column":88}}],"line":32},"1":{"loc":{"start":{"line":39,"column":24},"end":{"line":39,"column":50}},"type":"binary-expr","locations":[{"start":{"line":39,"column":24},"end":{"line":39,"column":45}},{"start":{"line":39,"column":49},"end":{"line":39,"column":50}}],"line":39},"2":{"loc":{"start":{"line":57,"column":4},"end":{"line":57,"column":30}},"type":"default-arg","locations":[{"start":{"line":57,"column":29},"end":{"line":57,"column":30}}],"line":57},"3":{"loc":{"start":{"line":59,"column":4},"end":{"line":59,"column":40}},"type":"if","locations":[{"start":{"line":59,"column":4},"end":{"line":59,"column":40}},{"start":{},"end":{}}],"line":59},"4":{"loc":{"start":{"line":60,"column":4},"end":{"line":62,"column":5}},"type":"if","locations":[{"start":{"line":60,"column":4},"end":{"line":62,"column":5}},{"start":{},"end":{}}],"line":60},"5":{"loc":{"start":{"line":71,"column":4},"end":{"line":71,"column":53}},"type":"if","locations":[{"start":{"line":71,"column":4},"end":{"line":71,"column":53}},{"start":{},"end":{}}],"line":71},"6":{"loc":{"start":{"line":71,"column":8},"end":{"line":71,"column":42}},"type":"binary-expr","locations":[{"start":{"line":71,"column":8},"end":{"line":71,"column":16}},{"start":{"line":71,"column":20},"end":{"line":71,"column":42}}],"line":71}},"s":{"0":56,"1":97,"2":56,"3":97,"4":56,"5":6,"6":6,"7":12,"8":6,"9":6,"10":6,"11":6,"12":56,"13":150,"14":56,"15":267,"16":56,"17":17,"18":3,"19":14,"20":1,"21":13,"22":56,"23":16,"24":1,"25":15,"26":20,"27":56,"28":5},"f":{"0":97,"1":97,"2":6,"3":6,"4":12,"5":150,"6":267,"7":17,"8":16,"9":20,"10":5},"b":{"0":[1,5],"1":[6,6],"2":[15],"3":[3,14],"4":[1,13],"5":[1,15],"6":[16,15]},"_coverageSchema":"1a1c01bbd47fc00a2c39e90264f33305004495a9","hash":"ed5665ee3409dd7251f050c4db67bff0a52cd943"}
,"/home/toan/school-portal-admin/src/squads/communication/common/utils/utils.ts": {"path":"/home/toan/school-portal-admin/src/squads/communication/common/utils/utils.ts","statementMap":{"0":{"start":{"line":36,"column":33},"end":{"line":38,"column":1}},"1":{"start":{"line":37,"column":4},"end":{"line":37,"column":63}},"2":{"start":{"line":43,"column":4},"end":{"line":43,"column":53}},"3":{"start":{"line":43,"column":36},"end":{"line":43,"column":53}},"4":{"start":{"line":45,"column":4},"end":{"line":51,"column":63}},"5":{"start":{"line":46,"column":40},"end":{"line":46,"column":62}},"6":{"start":{"line":48,"column":8},"end":{"line":50,"column":9}},"7":{"start":{"line":49,"column":12},"end":{"line":49,"column":43}},"8":{"start":{"line":51,"column":11},"end":{"line":51,"column":63}},"9":{"start":{"line":51,"column":49},"end":{"line":51,"column":63}},"10":{"start":{"line":56,"column":4},"end":{"line":56,"column":70}},"11":{"start":{"line":60,"column":4},"end":{"line":60,"column":74}},"12":{"start":{"line":64,"column":4},"end":{"line":64,"column":69}},"13":{"start":{"line":68,"column":4},"end":{"line":68,"column":67}},"14":{"start":{"line":72,"column":4},"end":{"line":72,"column":66}},"15":{"start":{"line":76,"column":4},"end":{"line":76,"column":71}},"16":{"start":{"line":79,"column":31},"end":{"line":81,"column":1}},"17":{"start":{"line":80,"column":4},"end":{"line":80,"column":65}},"18":{"start":{"line":84,"column":26},"end":{"line":84,"column":72}},"19":{"start":{"line":85,"column":24},"end":{"line":85,"column":78}},"20":{"start":{"line":87,"column":4},"end":{"line":87,"column":27}},"21":{"start":{"line":90,"column":29},"end":{"line":106,"column":1}},"22":{"start":{"line":91,"column":58},"end":{"line":91,"column":60}},"23":{"start":{"line":94,"column":8},"end":{"line":97,"column":14}},"24":{"start":{"line":96,"column":16},"end":{"line":96,"column":55}},"25":{"start":{"line":99,"column":4},"end":{"line":103,"column":5}},"26":{"start":{"line":100,"column":8},"end":{"line":102,"column":47}},"27":{"start":{"line":101,"column":32},"end":{"line":101,"column":57}},"28":{"start":{"line":102,"column":29},"end":{"line":102,"column":45}},"29":{"start":{"line":105,"column":4},"end":{"line":105,"column":39}},"30":{"start":{"line":108,"column":28},"end":{"line":118,"column":1}},"31":{"start":{"line":109,"column":56},"end":{"line":109,"column":58}},"32":{"start":{"line":111,"column":24},"end":{"line":111,"column":96}},"33":{"start":{"line":111,"column":59},"end":{"line":111,"column":90}},"34":{"start":{"line":113,"column":4},"end":{"line":115,"column":5}},"35":{"start":{"line":114,"column":8},"end":{"line":114,"column":54}},"36":{"start":{"line":114,"column":42},"end":{"line":114,"column":52}},"37":{"start":{"line":117,"column":4},"end":{"line":117,"column":37}},"38":{"start":{"line":120,"column":35},"end":{"line":142,"column":1}},"39":{"start":{"line":126,"column":4},"end":{"line":141,"column":5}},"40":{"start":{"line":133,"column":30},"end":{"line":133,"column":95}},"41":{"start":{"line":135,"column":8},"end":{"line":140,"column":10}},"42":{"start":{"line":144,"column":30},"end":{"line":157,"column":1}},"43":{"start":{"line":149,"column":4},"end":{"line":156,"column":5}},"44":{"start":{"line":155,"column":8},"end":{"line":155,"column":68}},"45":{"start":{"line":159,"column":47},"end":{"line":215,"column":1}},"46":{"start":{"line":162,"column":25},"end":{"line":162,"column":48}},"47":{"start":{"line":164,"column":26},"end":{"line":167,"column":5}},"48":{"start":{"line":169,"column":40},"end":{"line":169,"column":80}},"49":{"start":{"line":170,"column":38},"end":{"line":170,"column":76}},"50":{"start":{"line":172,"column":31},"end":{"line":174,"column":69}},"51":{"start":{"line":176,"column":72},"end":{"line":179,"column":5}},"52":{"start":{"line":178,"column":12},"end":{"line":178,"column":27}},"53":{"start":{"line":181,"column":64},"end":{"line":185,"column":6}},"54":{"start":{"line":187,"column":68},"end":{"line":192,"column":6}},"55":{"start":{"line":194,"column":23},"end":{"line":194,"column":64}},"56":{"start":{"line":194,"column":53},"end":{"line":194,"column":63}},"57":{"start":{"line":196,"column":4},"end":{"line":214,"column":6}},"58":{"start":{"line":224,"column":4},"end":{"line":226,"column":6}},"59":{"start":{"line":239,"column":4},"end":{"line":241,"column":6}},"60":{"start":{"line":240,"column":25},"end":{"line":240,"column":89}},"61":{"start":{"line":248,"column":4},"end":{"line":248,"column":47}},"62":{"start":{"line":255,"column":4},"end":{"line":255,"column":52}},"63":{"start":{"line":263,"column":36},"end":{"line":270,"column":1}},"64":{"start":{"line":267,"column":4},"end":{"line":269,"column":20}},"65":{"start":{"line":276,"column":46},"end":{"line":279,"column":1}},"66":{"start":{"line":277,"column":27},"end":{"line":277,"column":59}},"67":{"start":{"line":278,"column":4},"end":{"line":278,"column":61}},"68":{"start":{"line":287,"column":34},"end":{"line":297,"column":1}},"69":{"start":{"line":288,"column":19},"end":{"line":288,"column":31}},"70":{"start":{"line":290,"column":4},"end":{"line":290,"column":34}},"71":{"start":{"line":293,"column":4},"end":{"line":294,"column":55}},"72":{"start":{"line":293,"column":38},"end":{"line":293,"column":82}},"73":{"start":{"line":294,"column":9},"end":{"line":294,"column":55}},"74":{"start":{"line":296,"column":4},"end":{"line":296,"column":18}},"75":{"start":{"line":299,"column":39},"end":{"line":300,"column":42}},"76":{"start":{"line":300,"column":4},"end":{"line":300,"column":42}},"77":{"start":{"line":308,"column":42},"end":{"line":324,"column":1}},"78":{"start":{"line":312,"column":20},"end":{"line":322,"column":6}},"79":{"start":{"line":313,"column":8},"end":{"line":321,"column":10}},"80":{"start":{"line":323,"column":4},"end":{"line":323,"column":39}},"81":{"start":{"line":339,"column":4},"end":{"line":339,"column":76}},"82":{"start":{"line":339,"column":32},"end":{"line":339,"column":49}}},"fnMap":{"0":{"name":"(anonymous_0)","decl":{"start":{"line":36,"column":33},"end":{"line":36,"column":34}},"loc":{"start":{"line":36,"column":87},"end":{"line":38,"column":1}},"line":36},"1":{"name":"getConvertedStatus","decl":{"start":{"line":40,"column":16},"end":{"line":40,"column":34}},"loc":{"start":{"line":42,"column":38},"end":{"line":52,"column":1}},"line":42},"2":{"name":"checkDraftStatus","decl":{"start":{"line":55,"column":16},"end":{"line":55,"column":32}},"loc":{"start":{"line":55,"column":59},"end":{"line":57,"column":1}},"line":55},"3":{"name":"checkScheduleStatus","decl":{"start":{"line":59,"column":16},"end":{"line":59,"column":35}},"loc":{"start":{"line":59,"column":62},"end":{"line":61,"column":1}},"line":59},"4":{"name":"checkSentStatus","decl":{"start":{"line":63,"column":16},"end":{"line":63,"column":31}},"loc":{"start":{"line":63,"column":58},"end":{"line":65,"column":1}},"line":63},"5":{"name":"checkDraftStatusV2","decl":{"start":{"line":67,"column":16},"end":{"line":67,"column":34}},"loc":{"start":{"line":67,"column":73},"end":{"line":69,"column":1}},"line":67},"6":{"name":"checkSentStatusV2","decl":{"start":{"line":71,"column":16},"end":{"line":71,"column":33}},"loc":{"start":{"line":71,"column":72},"end":{"line":73,"column":1}},"line":71},"7":{"name":"checkScheduleStatusV2","decl":{"start":{"line":75,"column":16},"end":{"line":75,"column":37}},"loc":{"start":{"line":75,"column":76},"end":{"line":77,"column":1}},"line":75},"8":{"name":"(anonymous_8)","decl":{"start":{"line":79,"column":31},"end":{"line":79,"column":32}},"loc":{"start":{"line":79,"column":53},"end":{"line":81,"column":1}},"line":79},"9":{"name":"selectInnerHTMLContentField","decl":{"start":{"line":83,"column":16},"end":{"line":83,"column":43}},"loc":{"start":{"line":83,"column":71},"end":{"line":88,"column":1}},"line":83},"10":{"name":"(anonymous_10)","decl":{"start":{"line":90,"column":29},"end":{"line":90,"column":30}},"loc":{"start":{"line":90,"column":75},"end":{"line":106,"column":1}},"line":90},"11":{"name":"(anonymous_11)","decl":{"start":{"line":95,"column":12},"end":{"line":95,"column":13}},"loc":{"start":{"line":96,"column":16},"end":{"line":96,"column":55}},"line":96},"12":{"name":"(anonymous_12)","decl":{"start":{"line":101,"column":20},"end":{"line":101,"column":21}},"loc":{"start":{"line":101,"column":32},"end":{"line":101,"column":57}},"line":101},"13":{"name":"(anonymous_13)","decl":{"start":{"line":102,"column":17},"end":{"line":102,"column":18}},"loc":{"start":{"line":102,"column":29},"end":{"line":102,"column":45}},"line":102},"14":{"name":"(anonymous_14)","decl":{"start":{"line":108,"column":28},"end":{"line":108,"column":29}},"loc":{"start":{"line":108,"column":72},"end":{"line":118,"column":1}},"line":108},"15":{"name":"(anonymous_15)","decl":{"start":{"line":111,"column":41},"end":{"line":111,"column":42}},"loc":{"start":{"line":111,"column":59},"end":{"line":111,"column":90}},"line":111},"16":{"name":"(anonymous_16)","decl":{"start":{"line":114,"column":30},"end":{"line":114,"column":31}},"loc":{"start":{"line":114,"column":42},"end":{"line":114,"column":52}},"line":114},"17":{"name":"(anonymous_17)","decl":{"start":{"line":120,"column":35},"end":{"line":120,"column":36}},"loc":{"start":{"line":125,"column":40},"end":{"line":142,"column":1}},"line":125},"18":{"name":"(anonymous_18)","decl":{"start":{"line":144,"column":30},"end":{"line":144,"column":31}},"loc":{"start":{"line":148,"column":35},"end":{"line":157,"column":1}},"line":148},"19":{"name":"(anonymous_19)","decl":{"start":{"line":159,"column":47},"end":{"line":159,"column":48}},"loc":{"start":{"line":161,"column":30},"end":{"line":215,"column":1}},"line":161},"20":{"name":"(anonymous_20)","decl":{"start":{"line":177,"column":8},"end":{"line":177,"column":9}},"loc":{"start":{"line":178,"column":12},"end":{"line":178,"column":27}},"line":178},"21":{"name":"(anonymous_21)","decl":{"start":{"line":194,"column":44},"end":{"line":194,"column":45}},"loc":{"start":{"line":194,"column":53},"end":{"line":194,"column":63}},"line":194},"22":{"name":"checkErrorIfShouldCloseComposeDialog","decl":{"start":{"line":223,"column":16},"end":{"line":223,"column":52}},"loc":{"start":{"line":223,"column":67},"end":{"line":227,"column":1}},"line":223},"23":{"name":"addAlphabetToArrayString","decl":{"start":{"line":235,"column":16},"end":{"line":235,"column":40}},"loc":{"start":{"line":238,"column":17},"end":{"line":242,"column":1}},"line":238},"24":{"name":"(anonymous_24)","decl":{"start":{"line":240,"column":8},"end":{"line":240,"column":9}},"loc":{"start":{"line":240,"column":25},"end":{"line":240,"column":89}},"line":240},"25":{"name":"getDateBasedOnCheckSchedule","decl":{"start":{"line":244,"column":16},"end":{"line":244,"column":43}},"loc":{"start":{"line":247,"column":2},"end":{"line":249,"column":1}},"line":247},"26":{"name":"checkParamsAndConvertToDate","decl":{"start":{"line":251,"column":16},"end":{"line":251,"column":43}},"loc":{"start":{"line":254,"column":20},"end":{"line":256,"column":1}},"line":254},"27":{"name":"(anonymous_27)","decl":{"start":{"line":263,"column":36},"end":{"line":263,"column":37}},"loc":{"start":{"line":266,"column":11},"end":{"line":270,"column":1}},"line":266},"28":{"name":"(anonymous_28)","decl":{"start":{"line":276,"column":46},"end":{"line":276,"column":47}},"loc":{"start":{"line":276,"column":69},"end":{"line":279,"column":1}},"line":276},"29":{"name":"(anonymous_29)","decl":{"start":{"line":287,"column":34},"end":{"line":287,"column":35}},"loc":{"start":{"line":287,"column":63},"end":{"line":297,"column":1}},"line":287},"30":{"name":"(anonymous_30)","decl":{"start":{"line":299,"column":39},"end":{"line":299,"column":40}},"loc":{"start":{"line":300,"column":4},"end":{"line":300,"column":42}},"line":300},"31":{"name":"(anonymous_31)","decl":{"start":{"line":308,"column":42},"end":{"line":308,"column":43}},"loc":{"start":{"line":311,"column":33},"end":{"line":324,"column":1}},"line":311},"32":{"name":"(anonymous_32)","decl":{"start":{"line":312,"column":57},"end":{"line":312,"column":58}},"loc":{"start":{"line":312,"column":66},"end":{"line":322,"column":5}},"line":312},"33":{"name":"joinArrayObjectString","decl":{"start":{"line":334,"column":16},"end":{"line":334,"column":37}},"loc":{"start":{"line":338,"column":10},"end":{"line":340,"column":1}},"line":338},"34":{"name":"(anonymous_34)","decl":{"start":{"line":339,"column":19},"end":{"line":339,"column":20}},"loc":{"start":{"line":339,"column":32},"end":{"line":339,"column":49}},"line":339}},"branchMap":{"0":{"loc":{"start":{"line":43,"column":4},"end":{"line":43,"column":53}},"type":"if","locations":[{"start":{"line":43,"column":4},"end":{"line":43,"column":53}},{"start":{},"end":{}}],"line":43},"1":{"loc":{"start":{"line":43,"column":8},"end":{"line":43,"column":34}},"type":"binary-expr","locations":[{"start":{"line":43,"column":8},"end":{"line":43,"column":15}},{"start":{"line":43,"column":19},"end":{"line":43,"column":34}}],"line":43},"2":{"loc":{"start":{"line":45,"column":4},"end":{"line":51,"column":63}},"type":"if","locations":[{"start":{"line":45,"column":4},"end":{"line":51,"column":63}},{"start":{"line":51,"column":11},"end":{"line":51,"column":63}}],"line":45},"3":{"loc":{"start":{"line":48,"column":8},"end":{"line":50,"column":9}},"type":"if","locations":[{"start":{"line":48,"column":8},"end":{"line":50,"column":9}},{"start":{},"end":{}}],"line":48},"4":{"loc":{"start":{"line":48,"column":12},"end":{"line":48,"column":88}},"type":"binary-expr","locations":[{"start":{"line":48,"column":12},"end":{"line":48,"column":35}},{"start":{"line":48,"column":39},"end":{"line":48,"column":88}}],"line":48},"5":{"loc":{"start":{"line":51,"column":11},"end":{"line":51,"column":63}},"type":"if","locations":[{"start":{"line":51,"column":11},"end":{"line":51,"column":63}},{"start":{},"end":{}}],"line":51},"6":{"loc":{"start":{"line":85,"column":24},"end":{"line":85,"column":78}},"type":"binary-expr","locations":[{"start":{"line":85,"column":24},"end":{"line":85,"column":72}},{"start":{"line":85,"column":76},"end":{"line":85,"column":78}}],"line":85},"7":{"loc":{"start":{"line":99,"column":4},"end":{"line":103,"column":5}},"type":"if","locations":[{"start":{"line":99,"column":4},"end":{"line":103,"column":5}},{"start":{},"end":{}}],"line":99},"8":{"loc":{"start":{"line":113,"column":4},"end":{"line":115,"column":5}},"type":"if","locations":[{"start":{"line":113,"column":4},"end":{"line":115,"column":5}},{"start":{},"end":{}}],"line":113},"9":{"loc":{"start":{"line":126,"column":4},"end":{"line":141,"column":5}},"type":"if","locations":[{"start":{"line":126,"column":4},"end":{"line":141,"column":5}},{"start":{},"end":{}}],"line":126},"10":{"loc":{"start":{"line":127,"column":8},"end":{"line":131,"column":44}},"type":"binary-expr","locations":[{"start":{"line":127,"column":8},"end":{"line":127,"column":22}},{"start":{"line":128,"column":8},"end":{"line":128,"column":22}},{"start":{"line":129,"column":8},"end":{"line":129,"column":28}},{"start":{"line":130,"column":8},"end":{"line":130,"column":30}},{"start":{"line":131,"column":8},"end":{"line":131,"column":44}}],"line":127},"11":{"loc":{"start":{"line":149,"column":4},"end":{"line":156,"column":5}},"type":"if","locations":[{"start":{"line":149,"column":4},"end":{"line":156,"column":5}},{"start":{},"end":{}}],"line":149},"12":{"loc":{"start":{"line":150,"column":8},"end":{"line":153,"column":70}},"type":"binary-expr","locations":[{"start":{"line":150,"column":8},"end":{"line":150,"column":20}},{"start":{"line":151,"column":8},"end":{"line":151,"column":20}},{"start":{"line":152,"column":8},"end":{"line":152,"column":26}},{"start":{"line":153,"column":8},"end":{"line":153,"column":70}}],"line":150},"13":{"loc":{"start":{"line":172,"column":31},"end":{"line":174,"column":69}},"type":"cond-expr","locations":[{"start":{"line":173,"column":10},"end":{"line":173,"column":34}},{"start":{"line":174,"column":10},"end":{"line":174,"column":69}}],"line":172},"14":{"loc":{"start":{"line":197,"column":24},"end":{"line":197,"column":55}},"type":"binary-expr","locations":[{"start":{"line":197,"column":24},"end":{"line":197,"column":49}},{"start":{"line":197,"column":53},"end":{"line":197,"column":55}}],"line":197},"15":{"loc":{"start":{"line":237,"column":4},"end":{"line":237,"column":39}},"type":"default-arg","locations":[{"start":{"line":237,"column":36},"end":{"line":237,"column":39}}],"line":237},"16":{"loc":{"start":{"line":248,"column":11},"end":{"line":248,"column":46}},"type":"cond-expr","locations":[{"start":{"line":248,"column":24},"end":{"line":248,"column":33}},{"start":{"line":248,"column":36},"end":{"line":248,"column":46}}],"line":248},"17":{"loc":{"start":{"line":253,"column":4},"end":{"line":253,"column":46}},"type":"default-arg","locations":[{"start":{"line":253,"column":37},"end":{"line":253,"column":46}}],"line":253},"18":{"loc":{"start":{"line":255,"column":11},"end":{"line":255,"column":51}},"type":"cond-expr","locations":[{"start":{"line":255,"column":20},"end":{"line":255,"column":36}},{"start":{"line":255,"column":39},"end":{"line":255,"column":51}}],"line":255},"19":{"loc":{"start":{"line":265,"column":4},"end":{"line":265,"column":51}},"type":"default-arg","locations":[{"start":{"line":265,"column":45},"end":{"line":265,"column":51}}],"line":265},"20":{"loc":{"start":{"line":293,"column":4},"end":{"line":294,"column":55}},"type":"if","locations":[{"start":{"line":293,"column":4},"end":{"line":294,"column":55}},{"start":{"line":294,"column":9},"end":{"line":294,"column":55}}],"line":293},"21":{"loc":{"start":{"line":300,"column":4},"end":{"line":300,"column":42}},"type":"cond-expr","locations":[{"start":{"line":300,"column":32},"end":{"line":300,"column":37}},{"start":{"line":300,"column":40},"end":{"line":300,"column":42}}],"line":300},"22":{"loc":{"start":{"line":337,"column":4},"end":{"line":337,"column":39}},"type":"default-arg","locations":[{"start":{"line":337,"column":36},"end":{"line":337,"column":39}}],"line":337}},"s":{"0":53,"1":2,"2":30,"3":28,"4":2,"5":1,"6":1,"7":1,"8":1,"9":1,"10":9,"11":419,"12":9,"13":12,"14":1,"15":102,"16":53,"17":11,"18":11,"19":11,"20":11,"21":53,"22":11,"23":11,"24":21,"25":11,"26":10,"27":20,"28":20,"29":11,"30":53,"31":11,"32":11,"33":11,"34":11,"35":1,"36":1,"37":11,"38":53,"39":11,"40":1,"41":1,"42":53,"43":11,"44":2,"45":53,"46":11,"47":11,"48":11,"49":11,"50":11,"51":11,"52":22,"53":11,"54":11,"55":11,"56":2,"57":11,"58":3,"59":5,"60":20,"61":49,"62":19,"63":53,"64":105,"65":53,"66":12,"67":12,"68":53,"69":4,"70":4,"71":4,"72":4,"73":0,"74":4,"75":53,"76":6,"77":53,"78":36,"79":180,"80":36,"81":12,"82":23},"f":{"0":2,"1":30,"2":9,"3":419,"4":9,"5":12,"6":1,"7":102,"8":11,"9":11,"10":11,"11":21,"12":20,"13":20,"14":11,"15":11,"16":1,"17":11,"18":11,"19":11,"20":22,"21":2,"22":3,"23":5,"24":20,"25":49,"26":19,"27":105,"28":12,"29":4,"30":6,"31":36,"32":180,"33":12,"34":23},"b":{"0":[28,2],"1":[30,2],"2":[1,1],"3":[1,0],"4":[1,1],"5":[1,0],"6":[11,9],"7":[10,1],"8":[1,10],"9":[1,10],"10":[11,1,1,1,1],"11":[2,9],"12":[11,11,11,11],"13":[1,10],"14":[11,1],"15":[5],"16":[20,29],"17":[10],"18":[5,14],"19":[97],"20":[4,0],"21":[6,0],"22":[12]},"_coverageSchema":"1a1c01bbd47fc00a2c39e90264f33305004495a9","hash":"73fa4f1f802dc289f77d2d933cb6b2a2677234e3"}
,"/home/toan/school-portal-admin/src/squads/communication/components/ErrorBoundary/ErrorBoundary.tsx": {"path":"/home/toan/school-portal-admin/src/squads/communication/components/ErrorBoundary/ErrorBoundary.tsx","statementMap":{"0":{"start":{"line":10,"column":20},"end":{"line":20,"column":1}},"1":{"start":{"line":11,"column":4},"end":{"line":11,"column":26}},"2":{"start":{"line":11,"column":16},"end":{"line":11,"column":26}},"3":{"start":{"line":13,"column":4},"end":{"line":15,"column":5}},"4":{"start":{"line":14,"column":8},"end":{"line":14,"column":50}},"5":{"start":{"line":17,"column":4},"end":{"line":19,"column":27}},"6":{"start":{"line":22,"column":22},"end":{"line":60,"column":1}},"7":{"start":{"line":23,"column":14},"end":{"line":23,"column":28}},"8":{"start":{"line":25,"column":4},"end":{"line":27,"column":5}},"9":{"start":{"line":26,"column":8},"end":{"line":26,"column":20}},"10":{"start":{"line":29,"column":4},"end":{"line":59,"column":6}},"11":{"start":{"line":53,"column":35},"end":{"line":53,"column":56}}},"fnMap":{"0":{"name":"(anonymous_0)","decl":{"start":{"line":10,"column":20},"end":{"line":10,"column":21}},"loc":{"start":{"line":10,"column":56},"end":{"line":20,"column":1}},"line":10},"1":{"name":"(anonymous_1)","decl":{"start":{"line":22,"column":22},"end":{"line":22,"column":23}},"loc":{"start":{"line":22,"column":64},"end":{"line":60,"column":1}},"line":22},"2":{"name":"(anonymous_2)","decl":{"start":{"line":53,"column":29},"end":{"line":53,"column":30}},"loc":{"start":{"line":53,"column":35},"end":{"line":53,"column":56}},"line":53}},"branchMap":{"0":{"loc":{"start":{"line":11,"column":4},"end":{"line":11,"column":26}},"type":"if","locations":[{"start":{"line":11,"column":4},"end":{"line":11,"column":26}},{"start":{},"end":{}}],"line":11},"1":{"loc":{"start":{"line":13,"column":4},"end":{"line":15,"column":5}},"type":"if","locations":[{"start":{"line":13,"column":4},"end":{"line":15,"column":5}},{"start":{},"end":{}}],"line":13},"2":{"loc":{"start":{"line":17,"column":11},"end":{"line":19,"column":26}},"type":"cond-expr","locations":[{"start":{"line":18,"column":10},"end":{"line":18,"column":43}},{"start":{"line":19,"column":10},"end":{"line":19,"column":26}}],"line":17},"3":{"loc":{"start":{"line":25,"column":4},"end":{"line":27,"column":5}},"type":"if","locations":[{"start":{"line":25,"column":4},"end":{"line":27,"column":5}},{"start":{},"end":{}}],"line":25},"4":{"loc":{"start":{"line":25,"column":8},"end":{"line":25,"column":28}},"type":"binary-expr","locations":[{"start":{"line":25,"column":8},"end":{"line":25,"column":14}},{"start":{"line":25,"column":18},"end":{"line":25,"column":28}}],"line":25},"5":{"loc":{"start":{"line":31,"column":13},"end":{"line":31,"column":80}},"type":"binary-expr","locations":[{"start":{"line":31,"column":13},"end":{"line":31,"column":54}},{"start":{"line":31,"column":58},"end":{"line":31,"column":80}}],"line":31},"6":{"loc":{"start":{"line":47,"column":17},"end":{"line":47,"column":86}},"type":"binary-expr","locations":[{"start":{"line":47,"column":17},"end":{"line":47,"column":58}},{"start":{"line":47,"column":62},"end":{"line":47,"column":86}}],"line":47}},"s":{"0":4,"1":9,"2":0,"3":9,"4":2,"5":7,"6":4,"7":12,"8":12,"9":3,"10":9,"11":1},"f":{"0":9,"1":12,"2":1},"b":{"0":[0,9],"1":[2,7],"2":[3,4],"3":[3,9],"4":[12,10],"5":[9,9],"6":[9,9]},"_coverageSchema":"1a1c01bbd47fc00a2c39e90264f33305004495a9","hash":"c7b381d642b4d8ba2cd4be475b04b8af24a8750c"}
,"/home/toan/school-portal-admin/src/squads/communication/components/ErrorBoundary/ErrorBoundaryLayout.tsx": {"path":"/home/toan/school-portal-admin/src/squads/communication/components/ErrorBoundary/ErrorBoundaryLayout.tsx","statementMap":{"0":{"start":{"line":18,"column":51},"end":{"line":21,"column":1}},"1":{"start":{"line":43,"column":12},"end":{"line":43,"column":61}},"2":{"start":{"line":46,"column":8},"end":{"line":46,"column":21}},"3":{"start":{"line":51,"column":8},"end":{"line":51,"column":41}},"4":{"start":{"line":55,"column":8},"end":{"line":55,"column":60}},"5":{"start":{"line":59,"column":47},"end":{"line":59,"column":57}},"6":{"start":{"line":61,"column":51},"end":{"line":61,"column":61}},"7":{"start":{"line":63,"column":8},"end":{"line":65,"column":9}},"8":{"start":{"line":64,"column":12},"end":{"line":64,"column":73}},"9":{"start":{"line":67,"column":8},"end":{"line":68,"column":95}},"10":{"start":{"line":68,"column":12},"end":{"line":68,"column":95}},"11":{"start":{"line":70,"column":8},"end":{"line":70,"column":24}},"12":{"start":{"line":74,"column":28},"end":{"line":104,"column":1}},"13":{"start":{"line":76,"column":44},"end":{"line":76,"column":96}},"14":{"start":{"line":78,"column":32},"end":{"line":83,"column":10}},"15":{"start":{"line":79,"column":8},"end":{"line":82,"column":11}},"16":{"start":{"line":85,"column":4},"end":{"line":91,"column":30}},"17":{"start":{"line":87,"column":8},"end":{"line":90,"column":10}},"18":{"start":{"line":93,"column":4},"end":{"line":103,"column":6}}},"fnMap":{"0":{"name":"(anonymous_0)","decl":{"start":{"line":45,"column":4},"end":{"line":45,"column":5}},"loc":{"start":{"line":45,"column":45},"end":{"line":47,"column":5}},"line":45},"1":{"name":"(anonymous_1)","decl":{"start":{"line":49,"column":4},"end":{"line":49,"column":5}},"loc":{"start":{"line":49,"column":50},"end":{"line":52,"column":5}},"line":49},"2":{"name":"(anonymous_2)","decl":{"start":{"line":54,"column":4},"end":{"line":54,"column":5}},"loc":{"start":{"line":54,"column":58},"end":{"line":56,"column":5}},"line":54},"3":{"name":"(anonymous_3)","decl":{"start":{"line":58,"column":4},"end":{"line":58,"column":5}},"loc":{"start":{"line":58,"column":13},"end":{"line":71,"column":5}},"line":58},"4":{"name":"(anonymous_4)","decl":{"start":{"line":74,"column":28},"end":{"line":74,"column":29}},"loc":{"start":{"line":74,"column":80},"end":{"line":104,"column":1}},"line":74},"5":{"name":"(anonymous_5)","decl":{"start":{"line":78,"column":44},"end":{"line":78,"column":45}},"loc":{"start":{"line":78,"column":64},"end":{"line":83,"column":5}},"line":78},"6":{"name":"(anonymous_6)","decl":{"start":{"line":85,"column":14},"end":{"line":85,"column":15}},"loc":{"start":{"line":85,"column":20},"end":{"line":91,"column":5}},"line":85}},"branchMap":{"0":{"loc":{"start":{"line":61,"column":26},"end":{"line":61,"column":34}},"type":"default-arg","locations":[{"start":{"line":61,"column":33},"end":{"line":61,"column":34}}],"line":61},"1":{"loc":{"start":{"line":63,"column":8},"end":{"line":65,"column":9}},"type":"if","locations":[{"start":{"line":63,"column":8},"end":{"line":65,"column":9}},{"start":{},"end":{}}],"line":63},"2":{"loc":{"start":{"line":67,"column":8},"end":{"line":68,"column":95}},"type":"if","locations":[{"start":{"line":67,"column":8},"end":{"line":68,"column":95}},{"start":{},"end":{}}],"line":67},"3":{"loc":{"start":{"line":67,"column":12},"end":{"line":67,"column":88}},"type":"binary-expr","locations":[{"start":{"line":67,"column":12},"end":{"line":67,"column":22}},{"start":{"line":67,"column":26},"end":{"line":67,"column":88}}],"line":67}},"s":{"0":3,"1":5,"2":5,"3":1,"4":1,"5":9,"6":9,"7":9,"8":2,"9":7,"10":1,"11":6,"12":3,"13":7,"14":7,"15":2,"16":7,"17":5,"18":7},"f":{"0":5,"1":1,"2":1,"3":9,"4":7,"5":2,"6":5},"b":{"0":[1],"1":[2,7],"2":[1,6],"3":[7,7]},"_coverageSchema":"1a1c01bbd47fc00a2c39e90264f33305004495a9","hash":"61cb812d3dcf49a198cafc1f4e05bfaf32f7b87c"}
,"/home/toan/school-portal-admin/src/squads/communication/components/ErrorBoundary/index.ts": {"path":"/home/toan/school-portal-admin/src/squads/communication/components/ErrorBoundary/index.ts","statementMap":{},"fnMap":{},"branchMap":{},"s":{},"f":{},"b":{}}
,"/home/toan/school-portal-admin/src/squads/communication/contexts/PermissionProvider.tsx": {"path":"/home/toan/school-portal-admin/src/squads/communication/contexts/PermissionProvider.tsx","statementMap":{"0":{"start":{"line":13,"column":33},"end":{"line":15,"column":1}},"1":{"start":{"line":21,"column":34},"end":{"line":30,"column":1}},"2":{"start":{"line":25,"column":4},"end":{"line":29,"column":6}},"3":{"start":{"line":32,"column":29},"end":{"line":32,"column":64}},"4":{"start":{"line":32,"column":35},"end":{"line":32,"column":64}}},"fnMap":{"0":{"name":"(anonymous_0)","decl":{"start":{"line":21,"column":34},"end":{"line":21,"column":35}},"loc":{"start":{"line":24,"column":50},"end":{"line":30,"column":1}},"line":24},"1":{"name":"(anonymous_1)","decl":{"start":{"line":32,"column":29},"end":{"line":32,"column":30}},"loc":{"start":{"line":32,"column":35},"end":{"line":32,"column":64}},"line":32}},"branchMap":{},"s":{"0":1,"1":1,"2":1,"3":1,"4":0},"f":{"0":1,"1":0},"b":{},"_coverageSchema":"1a1c01bbd47fc00a2c39e90264f33305004495a9","hash":"cded9faee7f53a1a76461e3e3f1fde8a74a95926"}
,"/home/toan/school-portal-admin/src/squads/communication/contexts/TranslationContext.tsx": {"path":"/home/toan/school-portal-admin/src/squads/communication/contexts/TranslationContext.tsx","statementMap":{"0":{"start":{"line":11,"column":27},"end":{"line":19,"column":2}},"1":{"start":{"line":15,"column":26},"end":{"line":15,"column":27}},"2":{"start":{"line":16,"column":28},"end":{"line":16,"column":45}},"3":{"start":{"line":17,"column":25},"end":{"line":17,"column":41}},"4":{"start":{"line":21,"column":0},"end":{"line":21,"column":54}},"5":{"start":{"line":23,"column":30},"end":{"line":23,"column":66}},"6":{"start":{"line":23,"column":36},"end":{"line":23,"column":66}}},"fnMap":{"0":{"name":"(anonymous_0)","decl":{"start":{"line":13,"column":15},"end":{"line":13,"column":16}},"loc":{"start":{"line":13,"column":21},"end":{"line":13,"column":23}},"line":13},"1":{"name":"(anonymous_1)","decl":{"start":{"line":15,"column":19},"end":{"line":15,"column":20}},"loc":{"start":{"line":15,"column":26},"end":{"line":15,"column":27}},"line":15},"2":{"name":"(anonymous_2)","decl":{"start":{"line":16,"column":22},"end":{"line":16,"column":23}},"loc":{"start":{"line":16,"column":28},"end":{"line":16,"column":45}},"line":16},"3":{"name":"(anonymous_3)","decl":{"start":{"line":17,"column":19},"end":{"line":17,"column":20}},"loc":{"start":{"line":17,"column":25},"end":{"line":17,"column":41}},"line":17},"4":{"name":"(anonymous_4)","decl":{"start":{"line":23,"column":30},"end":{"line":23,"column":31}},"loc":{"start":{"line":23,"column":36},"end":{"line":23,"column":66}},"line":23}},"branchMap":{},"s":{"0":67,"1":133,"2":0,"3":0,"4":67,"5":67,"6":8869},"f":{"0":0,"1":133,"2":0,"3":0,"4":8869},"b":{},"_coverageSchema":"1a1c01bbd47fc00a2c39e90264f33305004495a9","hash":"84a3fdada3e2353ed66693bdf94bda38e4f7964c"}
,"/home/toan/school-portal-admin/src/squads/communication/exports/applications/Communication.tsx": {"path":"/home/toan/school-portal-admin/src/squads/communication/exports/applications/Communication.tsx","statementMap":{"0":{"start":{"line":22,"column":0},"end":{"line":22,"column":15}},"1":{"start":{"line":23,"column":0},"end":{"line":23,"column":15}},"2":{"start":{"line":24,"column":0},"end":{"line":24,"column":15}},"3":{"start":{"line":27,"column":17},"end":{"line":27,"column":67}},"4":{"start":{"line":29,"column":4},"end":{"line":29,"column":45}},"5":{"start":{"line":29,"column":15},"end":{"line":29,"column":45}},"6":{"start":{"line":31,"column":4},"end":{"line":41,"column":6}},"7":{"start":{"line":44,"column":0},"end":{"line":47,"column":2}},"8":{"start":{"line":46,"column":4},"end":{"line":46,"column":68}}},"fnMap":{"0":{"name":"Component","decl":{"start":{"line":26,"column":9},"end":{"line":26,"column":18}},"loc":{"start":{"line":26,"column":92},"end":{"line":42,"column":1}},"line":26},"1":{"name":"(anonymous_1)","decl":{"start":{"line":44,"column":26},"end":{"line":44,"column":27}},"loc":{"start":{"line":44,"column":74},"end":{"line":47,"column":1}},"line":44}},"branchMap":{"0":{"loc":{"start":{"line":29,"column":4},"end":{"line":29,"column":45}},"type":"if","locations":[{"start":{"line":29,"column":4},"end":{"line":29,"column":45}},{"start":{},"end":{}}],"line":29}},"s":{"0":1,"1":1,"2":1,"3":2,"4":2,"5":1,"6":1,"7":1,"8":0},"f":{"0":2,"1":0},"b":{"0":[1,1]},"_coverageSchema":"1a1c01bbd47fc00a2c39e90264f33305004495a9","hash":"51d773467a0004cc9f8f4df92cad5f4eaa35c7dc"}
,"/home/toan/school-portal-admin/src/squads/communication/exports/applications/communication-main.tsx": {"path":"/home/toan/school-portal-admin/src/squads/communication/exports/applications/communication-main.tsx","statementMap":{"0":{"start":{"line":9,"column":24},"end":{"line":14,"column":2}},"1":{"start":{"line":16,"column":25},"end":{"line":16,"column":38}},"2":{"start":{"line":17,"column":25},"end":{"line":17,"column":50}},"3":{"start":{"line":18,"column":21},"end":{"line":18,"column":42}},"4":{"start":{"line":19,"column":23},"end":{"line":19,"column":46}}},"fnMap":{},"branchMap":{},"s":{"0":0,"1":0,"2":0,"3":0,"4":0},"f":{},"b":{}}
,"/home/toan/school-portal-admin/src/squads/communication/exports/fragments/useRegisterCommunicationSidebarItems/index.ts": {"path":"/home/toan/school-portal-admin/src/squads/communication/exports/fragments/useRegisterCommunicationSidebarItems/index.ts","statementMap":{},"fnMap":{},"branchMap":{},"s":{},"f":{},"b":{}}
,"/home/toan/school-portal-admin/src/squads/communication/exports/fragments/useRegisterCommunicationSidebarItems/sidebar-items.ts": {"path":"/home/toan/school-portal-admin/src/squads/communication/exports/fragments/useRegisterCommunicationSidebarItems/sidebar-items.ts","statementMap":{"0":{"start":{"line":14,"column":70},"end":{"line":41,"column":1}},"1":{"start":{"line":22,"column":12},"end":{"line":25,"column":14}},"2":{"start":{"line":38,"column":12},"end":{"line":38,"column":87}}},"fnMap":{"0":{"name":"(anonymous_0)","decl":{"start":{"line":21,"column":18},"end":{"line":21,"column":19}},"loc":{"start":{"line":21,"column":32},"end":{"line":26,"column":9}},"line":21},"1":{"name":"(anonymous_1)","decl":{"start":{"line":37,"column":18},"end":{"line":37,"column":19}},"loc":{"start":{"line":37,"column":32},"end":{"line":39,"column":9}},"line":37}},"branchMap":{"0":{"loc":{"start":{"line":23,"column":16},"end":{"line":24,"column":62}},"type":"binary-expr","locations":[{"start":{"line":23,"column":16},"end":{"line":23,"column":81}},{"start":{"line":24,"column":16},"end":{"line":24,"column":62}}],"line":23}},"s":{"0":3,"1":2,"2":1},"f":{"0":2,"1":1},"b":{"0":[2,2]},"_coverageSchema":"1a1c01bbd47fc00a2c39e90264f33305004495a9","hash":"b5f9b5aa0837394bbdc3fa50d71e945acf431be8"}
,"/home/toan/school-portal-admin/src/squads/communication/exports/fragments/useRegisterCommunicationSidebarItems/useRegisterCommunicationSidebarItems.ts": {"path":"/home/toan/school-portal-admin/src/squads/communication/exports/fragments/useRegisterCommunicationSidebarItems/useRegisterCommunicationSidebarItems.ts","statementMap":{"0":{"start":{"line":17,"column":45},"end":{"line":64,"column":1}},"1":{"start":{"line":18,"column":37},"end":{"line":18,"column":58}},"2":{"start":{"line":19,"column":27},"end":{"line":19,"column":45}},"3":{"start":{"line":20,"column":34},"end":{"line":20,"column":56}},"4":{"start":{"line":22,"column":29},"end":{"line":22,"column":79}},"5":{"start":{"line":24,"column":23},"end":{"line":24,"column":55}},"6":{"start":{"line":26,"column":4},"end":{"line":26,"column":55}},"7":{"start":{"line":28,"column":46},"end":{"line":56,"column":48}},"8":{"start":{"line":29,"column":25},"end":{"line":29,"column":40}},"9":{"start":{"line":30,"column":27},"end":{"line":50,"column":10}},"10":{"start":{"line":33,"column":34},"end":{"line":33,"column":44}},"11":{"start":{"line":34,"column":63},"end":{"line":47,"column":18}},"12":{"start":{"line":35,"column":35},"end":{"line":35,"column":58}},"13":{"start":{"line":37,"column":61},"end":{"line":45,"column":21}},"14":{"start":{"line":46,"column":20},"end":{"line":46,"column":32}},"15":{"start":{"line":49,"column":12},"end":{"line":49,"column":47}},"16":{"start":{"line":51,"column":8},"end":{"line":55,"column":10}},"17":{"start":{"line":52,"column":12},"end":{"line":54,"column":13}},"18":{"start":{"line":53,"column":16},"end":{"line":53,"column":29}},"19":{"start":{"line":58,"column":4},"end":{"line":63,"column":7}}},"fnMap":{"0":{"name":"(anonymous_0)","decl":{"start":{"line":17,"column":45},"end":{"line":17,"column":46}},"loc":{"start":{"line":17,"column":51},"end":{"line":64,"column":1}},"line":17},"1":{"name":"(anonymous_1)","decl":{"start":{"line":28,"column":58},"end":{"line":28,"column":59}},"loc":{"start":{"line":28,"column":64},"end":{"line":56,"column":5}},"line":28},"2":{"name":"(anonymous_2)","decl":{"start":{"line":30,"column":68},"end":{"line":30,"column":69}},"loc":{"start":{"line":30,"column":74},"end":{"line":50,"column":9}},"line":30},"3":{"name":"(anonymous_3)","decl":{"start":{"line":35,"column":24},"end":{"line":35,"column":25}},"loc":{"start":{"line":35,"column":35},"end":{"line":35,"column":58}},"line":35},"4":{"name":"(anonymous_4)","decl":{"start":{"line":36,"column":21},"end":{"line":36,"column":22}},"loc":{"start":{"line":36,"column":32},"end":{"line":47,"column":17}},"line":36},"5":{"name":"(anonymous_5)","decl":{"start":{"line":51,"column":15},"end":{"line":51,"column":16}},"loc":{"start":{"line":51,"column":21},"end":{"line":55,"column":9}},"line":51}},"branchMap":{"0":{"loc":{"start":{"line":52,"column":12},"end":{"line":54,"column":13}},"type":"if","locations":[{"start":{"line":52,"column":12},"end":{"line":54,"column":13}},{"start":{},"end":{}}],"line":52}},"s":{"0":3,"1":3,"2":3,"3":3,"4":3,"5":3,"6":3,"7":3,"8":3,"9":3,"10":6,"11":6,"12":12,"13":7,"14":7,"15":6,"16":3,"17":0,"18":0,"19":3},"f":{"0":3,"1":3,"2":6,"3":12,"4":7,"5":0},"b":{"0":[0,0]},"_coverageSchema":"1a1c01bbd47fc00a2c39e90264f33305004495a9","hash":"f52f41cc5a97cb0c110037ed4195902afceda39c"}
,"/home/toan/school-portal-admin/src/squads/communication/hooks/useAutocompleteReference/index.ts": {"path":"/home/toan/school-portal-admin/src/squads/communication/hooks/useAutocompleteReference/index.ts","statementMap":{},"fnMap":{},"branchMap":{},"s":{},"f":{},"b":{},"_coverageSchema":"1a1c01bbd47fc00a2c39e90264f33305004495a9","hash":"6978d05d8052d7c95d174ebb9f21fa1d6ff2efba"}
,"/home/toan/school-portal-admin/src/squads/communication/hooks/useAutocompleteReference/useAutocompleteReference.ts": {"path":"/home/toan/school-portal-admin/src/squads/communication/hooks/useAutocompleteReference/useAutocompleteReference.ts","statementMap":{"0":{"start":{"line":44,"column":33},"end":{"line":100,"column":1}},"1":{"start":{"line":59,"column":36},"end":{"line":59,"column":48}},"2":{"start":{"line":61,"column":33},"end":{"line":64,"column":5}},"3":{"start":{"line":62,"column":14},"end":{"line":62,"column":71}},"4":{"start":{"line":66,"column":62},"end":{"line":68,"column":26}},"5":{"start":{"line":67,"column":8},"end":{"line":67,"column":61}},"6":{"start":{"line":70,"column":38},"end":{"line":86,"column":5}},"7":{"start":{"line":82,"column":16},"end":{"line":82,"column":100}},"8":{"start":{"line":83,"column":16},"end":{"line":83,"column":42}},"9":{"start":{"line":89,"column":20},"end":{"line":92,"column":5}},"10":{"start":{"line":90,"column":14},"end":{"line":90,"column":55}},"11":{"start":{"line":94,"column":4},"end":{"line":99,"column":6}}},"fnMap":{"0":{"name":"(anonymous_0)","decl":{"start":{"line":44,"column":33},"end":{"line":44,"column":34}},"loc":{"start":{"line":58,"column":5},"end":{"line":100,"column":1}},"line":58},"1":{"name":"(anonymous_1)","decl":{"start":{"line":62,"column":8},"end":{"line":62,"column":9}},"loc":{"start":{"line":62,"column":14},"end":{"line":62,"column":71}},"line":62},"2":{"name":"(anonymous_2)","decl":{"start":{"line":66,"column":70},"end":{"line":66,"column":71}},"loc":{"start":{"line":66,"column":76},"end":{"line":68,"column":5}},"line":66},"3":{"name":"(anonymous_3)","decl":{"start":{"line":81,"column":21},"end":{"line":81,"column":22}},"loc":{"start":{"line":81,"column":32},"end":{"line":84,"column":13}},"line":81},"4":{"name":"(anonymous_4)","decl":{"start":{"line":90,"column":8},"end":{"line":90,"column":9}},"loc":{"start":{"line":90,"column":14},"end":{"line":90,"column":55}},"line":90}},"branchMap":{"0":{"loc":{"start":{"line":70,"column":24},"end":{"line":70,"column":33}},"type":"default-arg","locations":[{"start":{"line":70,"column":31},"end":{"line":70,"column":33}}],"line":70},"1":{"loc":{"start":{"line":75,"column":16},"end":{"line":75,"column":56}},"type":"cond-expr","locations":[{"start":{"line":75,"column":45},"end":{"line":75,"column":51}},{"start":{"line":75,"column":54},"end":{"line":75,"column":56}}],"line":75},"2":{"loc":{"start":{"line":83,"column":16},"end":{"line":83,"column":41}},"type":"binary-expr","locations":[{"start":{"line":83,"column":16},"end":{"line":83,"column":23}},{"start":{"line":83,"column":27},"end":{"line":83,"column":41}}],"line":83}},"s":{"0":11,"1":733,"2":733,"3":185,"4":733,"5":625,"6":733,"7":0,"8":0,"9":733,"10":733,"11":733},"f":{"0":733,"1":185,"2":625,"3":0,"4":733},"b":{"0":[733],"1":[733,0],"2":[0,0]},"_coverageSchema":"1a1c01bbd47fc00a2c39e90264f33305004495a9","hash":"77903bc2a216516ac20ded51d3410b2db5c30cd6"}
,"/home/toan/school-portal-admin/src/squads/communication/hooks/useBrightcoveProfileData/index.ts": {"path":"/home/toan/school-portal-admin/src/squads/communication/hooks/useBrightcoveProfileData/index.ts","statementMap":{},"fnMap":{},"branchMap":{},"s":{},"f":{},"b":{}}
,"/home/toan/school-portal-admin/src/squads/communication/hooks/useBrightcoveProfileData/useBrightcoveProfileData.ts": {"path":"/home/toan/school-portal-admin/src/squads/communication/hooks/useBrightcoveProfileData/useBrightcoveProfileData.ts","statementMap":{"0":{"start":{"line":11,"column":14},"end":{"line":11,"column":28}},"1":{"start":{"line":12,"column":25},"end":{"line":12,"column":42}},"2":{"start":{"line":19,"column":8},"end":{"line":28,"column":6}},"3":{"start":{"line":25,"column":12},"end":{"line":25,"column":65}},"4":{"start":{"line":26,"column":12},"end":{"line":26,"column":83}},"5":{"start":{"line":30,"column":4},"end":{"line":30,"column":16}}},"fnMap":{"0":{"name":"useBrightcoveProfileData","decl":{"start":{"line":10,"column":9},"end":{"line":10,"column":33}},"loc":{"start":{"line":10,"column":69},"end":{"line":31,"column":1}},"line":10},"1":{"name":"(anonymous_1)","decl":{"start":{"line":24,"column":17},"end":{"line":24,"column":18}},"loc":{"start":{"line":24,"column":26},"end":{"line":27,"column":9}},"line":24}},"branchMap":{"0":{"loc":{"start":{"line":15,"column":8},"end":{"line":18,"column":9}},"type":"default-arg","locations":[{"start":{"line":15,"column":15},"end":{"line":18,"column":9}}],"line":15}},"s":{"0":3,"1":3,"2":3,"3":1,"4":1,"5":3},"f":{"0":3,"1":1},"b":{"0":[2]},"_coverageSchema":"1a1c01bbd47fc00a2c39e90264f33305004495a9","hash":"3b0a00c92ca8c4dcc59482ead7548d250a024111"}
,"/home/toan/school-portal-admin/src/squads/communication/hooks/useCommunicationAppInit/index.ts": {"path":"/home/toan/school-portal-admin/src/squads/communication/hooks/useCommunicationAppInit/index.ts","statementMap":{},"fnMap":{},"branchMap":{},"s":{},"f":{},"b":{},"_coverageSchema":"1a1c01bbd47fc00a2c39e90264f33305004495a9","hash":"4b1a0d1bcb8d8358b779d42e1d477688aa056343"}
,"/home/toan/school-portal-admin/src/squads/communication/hooks/useCommunicationAppInit/useCommunicationAppInit.ts": {"path":"/home/toan/school-portal-admin/src/squads/communication/hooks/useCommunicationAppInit/useCommunicationAppInit.ts","statementMap":{"0":{"start":{"line":16,"column":4},"end":{"line":16,"column":55}},"1":{"start":{"line":17,"column":27},"end":{"line":17,"column":55}},"2":{"start":{"line":18,"column":34},"end":{"line":18,"column":56}},"3":{"start":{"line":20,"column":30},"end":{"line":20,"column":45}},"4":{"start":{"line":21,"column":32},"end":{"line":21,"column":67}},"5":{"start":{"line":23,"column":29},"end":{"line":23,"column":79}},"6":{"start":{"line":25,"column":20},"end":{"line":27,"column":10}},"7":{"start":{"line":26,"column":8},"end":{"line":26,"column":23}},"8":{"start":{"line":29,"column":33},"end":{"line":36,"column":46}},"9":{"start":{"line":30,"column":29},"end":{"line":30,"column":63}},"10":{"start":{"line":32,"column":8},"end":{"line":35,"column":11}},"11":{"start":{"line":33,"column":12},"end":{"line":33,"column":36}},"12":{"start":{"line":34,"column":12},"end":{"line":34,"column":22}},"13":{"start":{"line":38,"column":23},"end":{"line":38,"column":55}},"14":{"start":{"line":40,"column":4},"end":{"line":46,"column":7}},"15":{"start":{"line":48,"column":4},"end":{"line":48,"column":29}}},"fnMap":{"0":{"name":"useCommunicationAppInit","decl":{"start":{"line":15,"column":9},"end":{"line":15,"column":32}},"loc":{"start":{"line":15,"column":67},"end":{"line":49,"column":1}},"line":15},"1":{"name":"(anonymous_1)","decl":{"start":{"line":25,"column":32},"end":{"line":25,"column":33}},"loc":{"start":{"line":25,"column":38},"end":{"line":27,"column":5}},"line":25},"2":{"name":"(anonymous_2)","decl":{"start":{"line":29,"column":45},"end":{"line":29,"column":46}},"loc":{"start":{"line":29,"column":51},"end":{"line":36,"column":5}},"line":29},"3":{"name":"(anonymous_3)","decl":{"start":{"line":32,"column":32},"end":{"line":32,"column":33}},"loc":{"start":{"line":32,"column":38},"end":{"line":35,"column":9}},"line":32}},"branchMap":{},"s":{"0":10,"1":10,"2":10,"3":10,"4":10,"5":10,"6":10,"7":4,"8":10,"9":3,"10":3,"11":3,"12":3,"13":10,"14":10,"15":10},"f":{"0":10,"1":4,"2":3,"3":3},"b":{},"_coverageSchema":"1a1c01bbd47fc00a2c39e90264f33305004495a9","hash":"685b6a4e6a3c1a17b40f065574d1c1403d2488f4"}
,"/home/toan/school-portal-admin/src/squads/communication/hooks/useCommunicationPermission/index.ts": {"path":"/home/toan/school-portal-admin/src/squads/communication/hooks/useCommunicationPermission/index.ts","statementMap":{},"fnMap":{},"branchMap":{},"s":{},"f":{},"b":{},"_coverageSchema":"1a1c01bbd47fc00a2c39e90264f33305004495a9","hash":"d55f8859cd87566d8d73ce3a8028526fd030f190"}
,"/home/toan/school-portal-admin/src/squads/communication/hooks/useCommunicationPermission/useCommunicationPermission.ts": {"path":"/home/toan/school-portal-admin/src/squads/communication/hooks/useCommunicationPermission/useCommunicationPermission.ts","statementMap":{"0":{"start":{"line":8,"column":4},"end":{"line":8,"column":26}}},"fnMap":{"0":{"name":"useCommunicationPermission","decl":{"start":{"line":7,"column":9},"end":{"line":7,"column":35}},"loc":{"start":{"line":7,"column":62},"end":{"line":9,"column":1}},"line":7}},"branchMap":{},"s":{"0":4},"f":{"0":4},"b":{},"_coverageSchema":"1a1c01bbd47fc00a2c39e90264f33305004495a9","hash":"6f5f4bd51c3719c6b0f8a70044006dcc03f5ed01"}
,"/home/toan/school-portal-admin/src/squads/communication/hooks/useCommunicationUpdatePermissionMicroApplication/index.ts": {"path":"/home/toan/school-portal-admin/src/squads/communication/hooks/useCommunicationUpdatePermissionMicroApplication/index.ts","statementMap":{},"fnMap":{},"branchMap":{},"s":{},"f":{},"b":{},"_coverageSchema":"1a1c01bbd47fc00a2c39e90264f33305004495a9","hash":"1dd40f4d11a03940dd590314eb0dbb97fb6f3223"}
,"/home/toan/school-portal-admin/src/squads/communication/hooks/useCommunicationUpdatePermissionMicroApplication/useCommunicationUpdatePermissionMicroApplication.ts": {"path":"/home/toan/school-portal-admin/src/squads/communication/hooks/useCommunicationUpdatePermissionMicroApplication/useCommunicationUpdatePermissionMicroApplication.ts","statementMap":{"0":{"start":{"line":6,"column":27},"end":{"line":6,"column":55}},"1":{"start":{"line":7,"column":40},"end":{"line":7,"column":64}},"2":{"start":{"line":10,"column":20},"end":{"line":10,"column":59}},"3":{"start":{"line":12,"column":4},"end":{"line":27,"column":30}},"4":{"start":{"line":13,"column":8},"end":{"line":26,"column":9}},"5":{"start":{"line":14,"column":12},"end":{"line":25,"column":17}},"6":{"start":{"line":15,"column":16},"end":{"line":24,"column":17}},"7":{"start":{"line":16,"column":20},"end":{"line":16,"column":75}},"8":{"start":{"line":18,"column":20},"end":{"line":22,"column":22}},"9":{"start":{"line":29,"column":4},"end":{"line":31,"column":41}},"10":{"start":{"line":30,"column":8},"end":{"line":30,"column":56}},"11":{"start":{"line":33,"column":4},"end":{"line":33,"column":22}}},"fnMap":{"0":{"name":"useCommunicationUpdatePermissionMicroApplication","decl":{"start":{"line":5,"column":9},"end":{"line":5,"column":57}},"loc":{"start":{"line":5,"column":60},"end":{"line":34,"column":1}},"line":5},"1":{"name":"(anonymous_1)","decl":{"start":{"line":12,"column":14},"end":{"line":12,"column":15}},"loc":{"start":{"line":12,"column":20},"end":{"line":27,"column":5}},"line":12},"2":{"name":"(anonymous_2)","decl":{"start":{"line":14,"column":13},"end":{"line":14,"column":14}},"loc":{"start":{"line":14,"column":25},"end":{"line":25,"column":13}},"line":14},"3":{"name":"(anonymous_3)","decl":{"start":{"line":29,"column":14},"end":{"line":29,"column":15}},"loc":{"start":{"line":29,"column":20},"end":{"line":31,"column":5}},"line":29}},"branchMap":{"0":{"loc":{"start":{"line":13,"column":8},"end":{"line":26,"column":9}},"type":"if","locations":[{"start":{"line":13,"column":8},"end":{"line":26,"column":9}},{"start":{},"end":{}}],"line":13}},"s":{"0":17,"1":17,"2":17,"3":17,"4":9,"5":1,"6":1,"7":1,"8":0,"9":17,"10":10,"11":17},"f":{"0":17,"1":9,"2":1,"3":10},"b":{"0":[1,8]},"_coverageSchema":"1a1c01bbd47fc00a2c39e90264f33305004495a9","hash":"208fdb5f90295ed290c6ed1ae27794203bcc9cc3"}
,"/home/toan/school-portal-admin/src/squads/communication/hooks/useDialog/index.ts": {"path":"/home/toan/school-portal-admin/src/squads/communication/hooks/useDialog/index.ts","statementMap":{},"fnMap":{},"branchMap":{},"s":{},"f":{},"b":{},"_coverageSchema":"1a1c01bbd47fc00a2c39e90264f33305004495a9","hash":"e1a3f7227c78a827be651190ea40926d9b64ba54"}
,"/home/toan/school-portal-admin/src/squads/communication/hooks/useDialog/useDialog.ts": {"path":"/home/toan/school-portal-admin/src/squads/communication/hooks/useDialog/useDialog.ts","statementMap":{"0":{"start":{"line":10,"column":28},"end":{"line":10,"column":53}},"1":{"start":{"line":12,"column":19},"end":{"line":16,"column":10}},"2":{"start":{"line":13,"column":8},"end":{"line":13,"column":54}},"3":{"start":{"line":13,"column":35},"end":{"line":13,"column":54}},"4":{"start":{"line":14,"column":8},"end":{"line":14,"column":56}},"5":{"start":{"line":14,"column":36},"end":{"line":14,"column":56}},"6":{"start":{"line":15,"column":8},"end":{"line":15,"column":22}},"7":{"start":{"line":18,"column":20},"end":{"line":22,"column":10}},"8":{"start":{"line":19,"column":8},"end":{"line":19,"column":54}},"9":{"start":{"line":19,"column":35},"end":{"line":19,"column":54}},"10":{"start":{"line":20,"column":8},"end":{"line":20,"column":56}},"11":{"start":{"line":20,"column":36},"end":{"line":20,"column":56}},"12":{"start":{"line":21,"column":8},"end":{"line":21,"column":23}},"13":{"start":{"line":24,"column":4},"end":{"line":27,"column":17}},"14":{"start":{"line":26,"column":8},"end":{"line":26,"column":24}},"15":{"start":{"line":29,"column":4},"end":{"line":33,"column":6}}},"fnMap":{"0":{"name":"useDialog","decl":{"start":{"line":9,"column":9},"end":{"line":9,"column":18}},"loc":{"start":{"line":9,"column":61},"end":{"line":34,"column":1}},"line":9},"1":{"name":"(anonymous_1)","decl":{"start":{"line":12,"column":31},"end":{"line":12,"column":32}},"loc":{"start":{"line":12,"column":51},"end":{"line":16,"column":5}},"line":12},"2":{"name":"(anonymous_2)","decl":{"start":{"line":18,"column":32},"end":{"line":18,"column":33}},"loc":{"start":{"line":18,"column":52},"end":{"line":22,"column":5}},"line":18},"3":{"name":"(anonymous_3)","decl":{"start":{"line":24,"column":14},"end":{"line":24,"column":15}},"loc":{"start":{"line":24,"column":20},"end":{"line":27,"column":5}},"line":24}},"branchMap":{"0":{"loc":{"start":{"line":9,"column":19},"end":{"line":9,"column":42}},"type":"default-arg","locations":[{"start":{"line":9,"column":37},"end":{"line":9,"column":42}}],"line":9},"1":{"loc":{"start":{"line":13,"column":8},"end":{"line":13,"column":54}},"type":"if","locations":[{"start":{"line":13,"column":8},"end":{"line":13,"column":54}},{"start":{},"end":{}}],"line":13},"2":{"loc":{"start":{"line":13,"column":12},"end":{"line":13,"column":33}},"type":"binary-expr","locations":[{"start":{"line":13,"column":12},"end":{"line":13,"column":13}},{"start":{"line":13,"column":17},"end":{"line":13,"column":33}}],"line":13},"3":{"loc":{"start":{"line":14,"column":8},"end":{"line":14,"co
[...]
"column":81}}],"line":163},"11":{"loc":{"start":{"line":172,"column":4},"end":{"line":177,"column":5}},"type":"if","locations":[{"start":{"line":172,"column":4},"end":{"line":177,"column":5}},{"start":{},"end":{}}],"line":172},"12":{"loc":{"start":{"line":174,"column":20},"end":{"line":176,"column":81}},"type":"cond-expr","locations":[{"start":{"line":175,"column":14},"end":{"line":175,"column":81}},{"start":{"line":176,"column":14},"end":{"line":176,"column":81}}],"line":174},"13":{"loc":{"start":{"line":190,"column":4},"end":{"line":190,"column":98}},"type":"if","locations":[{"start":{"line":190,"column":4},"end":{"line":190,"column":98}},{"start":{},"end":{}}],"line":190},"14":{"loc":{"start":{"line":198,"column":4},"end":{"line":198,"column":60}},"type":"if","locations":[{"start":{"line":198,"column":4},"end":{"line":198,"column":60}},{"start":{},"end":{}}],"line":198},"15":{"loc":{"start":{"line":250,"column":53},"end":{"line":250,"column":73}},"type":"binary-expr","locations":[{"start":{"line":250,"column":53},"end":{"line":250,"column":67}},{"start":{"line":250,"column":71},"end":{"line":250,"column":73}}],"line":250}},"s":{"0":16,"1":16,"2":16,"3":16,"4":4,"5":1,"6":9,"7":1,"8":16,"9":14,"10":2,"11":2,"12":2,"13":2,"14":2,"15":2,"16":2,"17":2,"18":2,"19":2,"20":2,"21":2,"22":2,"23":2,"24":2,"25":2,"26":2,"27":2,"28":2,"29":2,"30":2,"31":2,"32":2,"33":2,"34":2,"35":16,"36":16,"37":12,"38":16,"39":16,"40":16,"41":16,"42":5,"43":11,"44":3,"45":16,"46":16,"47":16,"48":16,"49":16,"50":16,"51":16,"52":16,"53":16,"54":16,"55":16,"56":16,"57":16,"58":16,"59":16,"60":4,"61":4,"62":16,"63":16,"64":16,"65":4,"66":4,"67":16,"68":16,"69":32,"70":16,"71":16,"72":16,"73":16,"74":16,"75":2,"76":16,"77":16,"78":16,"79":16,"80":16,"81":2,"82":16,"83":2,"84":1,"85":1,"86":1,"87":1,"88":1,"89":1,"90":1,"91":1,"92":1,"93":1,"94":1,"95":9,"96":8,"97":8,"98":8,"99":13},"f":{"0":16,"1":4,"2":9,"3":16,"4":2,"5":2,"6":2,"7":2,"8":16,"9":32,"10":2,"11":1,"12":1,"13":9},"b":{"0":[1,3],"1":[4,3],"2":[1,8],"3":[9,8,8,8,8,8,8,8,8],"4":[14,2],"5":[12,4],"6":[5,11],"7":[3,8],"8":[16,16],"9":[4,12],"10":[2,2],"11":[4,12],"12":[2,2],"13":[2,14],"14":[2,14],"15":[8,4]},"_coverageSchema":"1a1c01bbd47fc00a2c39e90264f33305004495a9","hash":"7125eca9acf0560dc5cf94e265dfd3ea071e1331"}
,"/home/toan/school-portal-admin/src/squads/communication/service/notificationmgmt/info-notifications-notificationmgmt-service/info-notifications-notificationmgmt-reader.mutation.ts": {"path":"/home/toan/school-portal-admin/src/squads/communication/service/notificationmgmt/info-notifications-notificationmgmt-service/info-notifications-notificationmgmt-reader.mutation.ts","statementMap":{"0":{"start":{"line":14,"column":16},"end":{"line":14,"column":53}},"1":{"start":{"line":16,"column":70},"end":{"line":16,"column":74}},"2":{"start":{"line":18,"column":4},"end":{"line":18,"column":38}},"3":{"start":{"line":18,"column":17},"end":{"line":18,"column":38}},"4":{"start":{"line":20,"column":4},"end":{"line":20,"column":28}},"5":{"start":{"line":21,"column":4},"end":{"line":21,"column":26}},"6":{"start":{"line":22,"column":4},"end":{"line":22,"column":34}},"7":{"start":{"line":24,"column":22},"end":{"line":24,"column":48}},"8":{"start":{"line":25,"column":4},"end":{"line":25,"column":29}},"9":{"start":{"line":27,"column":30},"end":{"line":27,"column":79}},"10":{"start":{"line":28,"column":28},"end":{"line":28,"column":73}},"11":{"start":{"line":29,"column":4},"end":{"line":29,"column":39}},"12":{"start":{"line":30,"column":4},"end":{"line":30,"column":35}},"13":{"start":{"line":32,"column":4},"end":{"line":32,"column":15}},"14":{"start":{"line":37,"column":24},"end":{"line":37,"column":59}},"15":{"start":{"line":38,"column":25},"end":{"line":38,"column":78}},"16":{"start":{"line":39,"column":8},"end":{"line":39,"column":35}},"17":{"start":{"line":43,"column":51},"end":{"line":47,"column":1}}},"fnMap":{"0":{"name":"newGetNotificationsByFilter","decl":{"start":{"line":11,"column":16},"end":{"line":11,"column":43}},"loc":{"start":{"line":13,"column":35},"end":{"line":33,"column":1}},"line":13},"1":{"name":"(anonymous_1)","decl":{"start":{"line":36,"column":4},"end":{"line":36,"column":5}},"loc":{"start":{"line":36,"column":85},"end":{"line":40,"column":5}},"line":36}},"branchMap":{"0":{"loc":{"start":{"line":18,"column":4},"end":{"line":18,"column":38}},"type":"if","locations":[{"start":{"line":18,"column":4},"end":{"line":18,"column":38}},{"start":{},"end":{}}],"line":18},"1":{"loc":{"start":{"line":27,"column":30},"end":{"line":27,"column":79}},"type":"cond-expr","locations":[{"start":{"line":27,"column":41},"end":{"line":27,"column":72}},{"start":{"line":27,"column":75},"end":{"line":27,"column":79}}],"line":27},"2":{"loc":{"start":{"line":28,"column":28},"end":{"line":28,"column":73}},"type":"cond-expr","locations":[{"start":{"line":28,"column":37},"end":{"line":28,"column":66}},{"start":{"line":28,"column":69},"end":{"line":28,"column":73}}],"line":28}},"s":{"0":3,"1":3,"2":3,"3":1,"4":2,"5":2,"6":2,"7":2,"8":2,"9":2,"10":2,"11":2,"12":2,"13":2,"14":2,"15":1,"16":1,"17":13},"f":{"0":3,"1":2},"b":{"0":[1,2],"1":[0,2],"2":[0,2]},"_coverageSchema":"1a1c01bbd47fc00a2c39e90264f33305004495a9","hash":"95910087161a1f5521e2bbcfa575039d1ae01025"}
,"/home/toan/school-portal-admin/src/squads/communication/service/notificationmgmt/info-notifications-notificationmgmt-service/info-notifications-notificationmgmt-service.ts": {"path":"/home/toan/school-portal-admin/src/squads/communication/service/notificationmgmt/info-notifications-notificationmgmt-service/info-notifications-notificationmgmt-service.ts","statementMap":{"0":{"start":{"line":15,"column":44},"end":{"line":48,"column":2}},"1":{"start":{"line":20,"column":12},"end":{"line":20,"column":95}},"2":{"start":{"line":25,"column":12},"end":{"line":27,"column":15}},"3":{"start":{"line":31,"column":12},"end":{"line":33,"column":15}},"4":{"start":{"line":37,"column":12},"end":{"line":39,"column":15}},"5":{"start":{"line":43,"column":12},"end":{"line":45,"column":15}}},"fnMap":{"0":{"name":"(anonymous_0)","decl":{"start":{"line":17,"column":47},"end":{"line":17,"column":48}},"loc":{"start":{"line":19,"column":13},"end":{"line":21,"column":9}},"line":19},"1":{"name":"(anonymous_1)","decl":{"start":{"line":24,"column":41},"end":{"line":24,"column":42}},"loc":{"start":{"line":24,"column":89},"end":{"line":28,"column":9}},"line":24},"2":{"name":"(anonymous_2)","decl":{"start":{"line":30,"column":41},"end":{"line":30,"column":42}},"loc":{"start":{"line":30,"column":92},"end":{"line":34,"column":9}},"line":30},"3":{"name":"(anonymous_3)","decl":{"start":{"line":36,"column":39},"end":{"line":36,"column":40}},"loc":{"start":{"line":36,"column":87},"end":{"line":40,"column":9}},"line":36},"4":{"name":"(anonymous_4)","decl":{"start":{"line":42,"column":41},"end":{"line":42,"column":42}},"loc":{"start":{"line":42,"column":96},"end":{"line":46,"column":9}},"line":42}},"branchMap":{},"s":{"0":13,"1":1,"2":1,"3":1,"4":1,"5":1},"f":{"0":1,"1":1,"2":1,"3":1,"4":1},"b":{},"_coverageSchema":"1a1c01bbd47fc00a2c39e90264f33305004495a9","hash":"d63bdec717ac9a00e3812a790a0cd7bc26b40e8c"}
,"/home/toan/school-portal-admin/src/squads/communication/service/notificationmgmt/tag-management-service/tag-management-modifier.mutation.ts": {"path":"/home/toan/school-portal-admin/src/squads/communication/service/notificationmgmt/tag-management-service/tag-management-modifier.mutation.ts","statementMap":{"0":{"start":{"line":12,"column":4},"end":{"line":14,"column":5}},"1":{"start":{"line":13,"column":8},"end":{"line":13,"column":29}},"2":{"start":{"line":17,"column":38},"end":{"line":24,"column":1}},"3":{"start":{"line":18,"column":16},"end":{"line":18,"column":38}},"4":{"start":{"line":20,"column":4},"end":{"line":20,"column":29}},"5":{"start":{"line":21,"column":4},"end":{"line":21,"column":27}},"6":{"start":{"line":23,"column":4},"end":{"line":23,"column":15}},"7":{"start":{"line":30,"column":8},"end":{"line":30,"column":32}},"8":{"start":{"line":31,"column":20},"end":{"line":31,"column":49}},"9":{"start":{"line":33,"column":21},"end":{"line":33,"column":55}},"10":{"start":{"line":35,"column":8},"end":{"line":35,"column":31}},"11":{"start":{"line":39,"column":37},"end":{"line":43,"column":1}}},"fnMap":{"0":{"name":"validateUpsertTag","decl":{"start":{"line":11,"column":9},"end":{"line":11,"column":26}},"loc":{"start":{"line":11,"column":61},"end":{"line":15,"column":1}},"line":11},"1":{"name":"(anonymous_1)","decl":{"start":{"line":17,"column":38},"end":{"line":17,"column":39}},"loc":{"start":{"line":17,"column":93},"end":{"line":24,"column":1}},"line":17},"2":{"name":"(anonymous_2)","decl":{"start":{"line":27,"column":4},"end":{"line":27,"column":5}},"loc":{"start":{"line":29,"column":87},"end":{"line":36,"column":5}},"line":29}},"branchMap":{"0":{"loc":{"start":{"line":12,"column":4},"end":{"line":14,"column":5}},"type":"if","locations":[{"start":{"line":12,"column":4},"end":{"line":14,"column":5}},{"start":{},"end":{}}],"line":12},"1":{"loc":{"start":{"line":12,"column":8},"end":{"line":12,"column":27}},"type":"binary-expr","locations":[{"start":{"line":12,"column":8},"end":{"line":12,"column":13}},{"start":{"line":12,"column":17},"end":{"line":12,"column":27}}],"line":12}},"s":{"0":2,"1":1,"2":11,"3":2,"4":2,"5":2,"6":2,"7":2,"8":1,"9":1,"10":1,"11":11},"f":{"0":2,"1":2,"2":2},"b":{"0":[1,1],"1":[2,1]},"_coverageSchema":"1a1c01bbd47fc00a2c39e90264f33305004495a9","hash":"9de4548daea5e2c0c37667ebdc75394cdc16775b"}
,"/home/toan/school-portal-admin/src/squads/communication/service/notificationmgmt/tag-management-service/tag-management-service.ts": {"path":"/home/toan/school-portal-admin/src/squads/communication/service/notificationmgmt/tag-management-service/tag-management-service.ts","statementMap":{"0":{"start":{"line":6,"column":36},"end":{"line":12,"column":2}},"1":{"start":{"line":9,"column":12},"end":{"line":9,"column":68}}},"fnMap":{"0":{"name":"(anonymous_0)","decl":{"start":{"line":8,"column":32},"end":{"line":8,"column":33}},"loc":{"start":{"line":8,"column":89},"end":{"line":10,"column":9}},"line":8}},"branchMap":{},"s":{"0":11,"1":1},"f":{"0":1},"b":{},"_coverageSchema":"1a1c01bbd47fc00a2c39e90264f33305004495a9","hash":"13aee939d34def6313086ef6cd3946abce29c26b"}
,"/home/toan/school-portal-admin/src/squads/communication/service/utils/utils.ts": {"path":"/home/toan/school-portal-admin/src/squads/communication/service/utils/utils.ts","statementMap":{"0":{"start":{"line":2,"column":4},"end":{"line":2,"column":33}},"1":{"start":{"line":6,"column":4},"end":{"line":6,"column":32}},"2":{"start":{"line":6,"column":15},"end":{"line":6,"column":32}},"3":{"start":{"line":7,"column":4},"end":{"line":7,"column":23}}},"fnMap":{"0":{"name":"createEmptyResponse","decl":{"start":{"line":1,"column":16},"end":{"line":1,"column":35}},"loc":{"start":{"line":1,"column":66},"end":{"line":3,"column":1}},"line":1},"1":{"name":"getSearchString","decl":{"start":{"line":5,"column":16},"end":{"line":5,"column":31}},"loc":{"start":{"line":5,"column":65},"end":{"line":8,"column":1}},"line":5}},"branchMap":{"0":{"loc":{"start":{"line":6,"column":4},"end":{"line":6,"column":32}},"type":"if","locations":[{"start":{"line":6,"column":4},"end":{"line":6,"column":32}},{"start":{},"end":{}}],"line":6}},"s":{"0":9,"1":242,"2":241,"3":1},"f":{"0":9,"1":242},"b":{"0":[241,1]},"_coverageSchema":"1a1c01bbd47fc00a2c39e90264f33305004495a9","hash":"e586bdcbe9340889cba8ccdc122ff97b03031f94"}
,"/home/toan/school-portal-admin/src/squads/communication/service/utils/validation.ts": {"path":"/home/toan/school-portal-admin/src/squads/communication/service/utils/validation.ts","statementMap":{"0":{"start":{"line":6,"column":4},"end":{"line":6,"column":53}},"1":{"start":{"line":12,"column":4},"end":{"line":12,"column":28}}},"fnMap":{"0":{"name":"isInvalidOrEmptyArray","decl":{"start":{"line":3,"column":16},"end":{"line":3,"column":37}},"loc":{"start":{"line":5,"column":11},"end":{"line":7,"column":1}},"line":5},"1":{"name":"isInvalidOrEmptyVariable","decl":{"start":{"line":9,"column":16},"end":{"line":9,"column":40}},"loc":{"start":{"line":11,"column":11},"end":{"line":13,"column":1}},"line":11}},"branchMap":{"0":{"loc":{"start":{"line":6,"column":11},"end":{"line":6,"column":52}},"type":"binary-expr","locations":[{"start":{"line":6,"column":11},"end":{"line":6,"column":27}},{"start":{"line":6,"column":31},"end":{"line":6,"column":52}}],"line":6}},"s":{"0":13,"1":17},"f":{"0":13,"1":17},"b":{"0":[13,6]},"_coverageSchema":"1a1c01bbd47fc00a2c39e90264f33305004495a9","hash":"b600e9bb663fdc26a675449fd052e9efcd966cb7"}
,"/home/toan/school-portal-admin/src/squads/communication/service/yasuo/brightcove-yasuo-service/brightcove-yasuo-reader.mutation.ts": {"path":"/home/toan/school-portal-admin/src/squads/communication/service/yasuo/brightcove-yasuo-service/brightcove-yasuo-reader.mutation.ts","statementMap":{"0":{"start":{"line":10,"column":20},"end":{"line":10,"column":62}},"1":{"start":{"line":12,"column":21},"end":{"line":12,"column":75}},"2":{"start":{"line":14,"column":8},"end":{"line":14,"column":31}},"3":{"start":{"line":18,"column":31},"end":{"line":22,"column":1}}},"fnMap":{"0":{"name":"(anonymous_0)","decl":{"start":{"line":9,"column":4},"end":{"line":9,"column":5}},"loc":{"start":{"line":9,"column":42},"end":{"line":15,"column":5}},"line":9}},"branchMap":{},"s":{"0":1,"1":1,"2":1,"3":11},"f":{"0":1},"b":{},"_coverageSchema":"1a1c01bbd47fc00a2c39e90264f33305004495a9","hash":"924cd81f53a0ee5e781290664ce50175d87a0b27"}
,"/home/toan/school-portal-admin/src/squads/communication/service/yasuo/brightcove-yasuo-service/brightcove-yasuo-service.ts": {"path":"/home/toan/school-portal-admin/src/squads/communication/service/yasuo/brightcove-yasuo-service/brightcove-yasuo-service.ts","statementMap":{"0":{"start":{"line":5,"column":33},"end":{"line":11,"column":2}},"1":{"start":{"line":8,"column":12},"end":{"line":8,"column":67}}},"fnMap":{"0":{"name":"(anonymous_0)","decl":{"start":{"line":7,"column":33},"end":{"line":7,"column":34}},"loc":{"start":{"line":7,"column":39},"end":{"line":9,"column":9}},"line":7}},"branchMap":{},"s":{"0":11,"1":1},"f":{"0":1},"b":{},"_coverageSchema":"1a1c01bbd47fc00a2c39e90264f33305004495a9","hash":"bc9d5b8586f92f96db7b7b6329a8252995eb1169"}
,"/home/toan/school-portal-admin/src/squads/communication/store/snackbar/actions.ts": {"path":"/home/toan/school-portal-admin/src/squads/communication/store/snackbar/actions.ts","statementMap":{"0":{"start":{"line":29,"column":31},"end":{"line":41,"column":1}},"1":{"start":{"line":31,"column":8},"end":{"line":34,"column":10}},"2":{"start":{"line":37,"column":8},"end":{"line":39,"column":10}}},"fnMap":{"0":{"name":"(anonymous_0)","decl":{"start":{"line":30,"column":4},"end":{"line":30,"column":5}},"loc":{"start":{"line":30,"column":99},"end":{"line":35,"column":5}},"line":30},"1":{"name":"(anonymous_1)","decl":{"start":{"line":36,"column":4},"end":{"line":36,"column":5}},"loc":{"start":{"line":36,"column":50},"end":{"line":40,"column":5}},"line":36}},"branchMap":{},"s":{"0":11,"1":3,"2":1},"f":{"0":3,"1":1},"b":{},"_coverageSchema":"1a1c01bbd47fc00a2c39e90264f33305004495a9","hash":"f08c4d1217e814def5b330c5a80cf9d4c63bf50f"}
,"/home/toan/school-portal-admin/src/squads/communication/store/snackbar/reducers.ts": {"path":"/home/toan/school-portal-admin/src/squads/communication/store/snackbar/reducers.ts","statementMap":{"0":{"start":{"line":14,"column":47},"end":{"line":18,"column":1}},"1":{"start":{"line":24,"column":4},"end":{"line":37,"column":5}},"2":{"start":{"line":26,"column":12},"end":{"line":29,"column":14}},"3":{"start":{"line":31,"column":12},"end":{"line":34,"column":14}},"4":{"start":{"line":36,"column":12},"end":{"line":36,"column":25}}},"fnMap":{"0":{"name":"snackbarReducer","decl":{"start":{"line":20,"column":9},"end":{"line":20,"column":24}},"loc":{"start":{"line":23,"column":21},"end":{"line":38,"column":1}},"line":23}},"branchMap":{"0":{"loc":{"start":{"line":21,"column":4},"end":{"line":21,"column":43}},"type":"default-arg","locations":[{"start":{"line":21,"column":31},"end":{"line":21,"column":43}}],"line":21},"1":{"loc":{"start":{"line":24,"column":4},"end":{"line":37,"column":5}},"type":"switch","locations":[{"start":{"line":25,"column":8},"end":{"line":29,"column":14}},{"start":{"line":30,"column":8},"end":{"line":34,"column":14}},{"start":{"line":35,"column":8},"end":{"line":36,"column":25}}],"line":24}},"s":{"0":1,"1":3,"2":1,"3":1,"4":1},"f":{"0":3},"b":{"0":[0],"1":[1,1,1]},"_coverageSchema":"1a1c01bbd47fc00a2c39e90264f33305004495a9","hash":"ee36f6912d910c99854fe4d051fd5dd46f7a5cd8"}
,"/home/toan/school-portal-admin/src/squads/communication/styles/mui-classname-setup.ts": {"path":"/home/toan/school-portal-admin/src/squads/communication/styles/mui-classname-setup.ts","statementMap":{"0":{"start":{"line":3,"column":0},"end":{"line":3,"column":86}},"1":{"start":{"line":3,"column":48},"end":{"line":3,"column":84}}},"fnMap":{"0":{"name":"(anonymous_0)","decl":{"start":{"line":3,"column":29},"end":{"line":3,"column":30}},"loc":{"start":{"line":3,"column":48},"end":{"line":3,"column":84}},"line":3}},"branchMap":{},"s":{"0":1,"1":1019},"f":{"0":1019},"b":{},"_coverageSchema":"1a1c01bbd47fc00a2c39e90264f33305004495a9","hash":"76ea44549864fc522a1be5c2eeaa120175e24ef7"}
,"/home/toan/school-portal-admin/src/squads/communication/typings/configuration.ts": {"path":"/home/toan/school-portal-admin/src/squads/communication/typings/configuration.ts","statementMap":{},"fnMap":{},"branchMap":{},"s":{},"f":{},"b":{},"_coverageSchema":"1a1c01bbd47fc00a2c39e90264f33305004495a9","hash":"58719ad2b7e53d5a31900e546a708c5f01b79a1f"}
,"/home/toan/school-portal-admin/src/squads/communication/typings/graphql.ts": {"path":"/home/toan/school-portal-admin/src/squads/communication/typings/graphql.ts","statementMap":{},"fnMap":{},"branchMap":{},"s":{},"f":{},"b":{}}
,"/home/toan/school-portal-admin/src/squads/communication/typings/i18n-provider.ts": {"path":"/home/toan/school-portal-admin/src/squads/communication/typings/i18n-provider.ts","statementMap":{},"fnMap":{},"branchMap":{},"s":{},"f":{},"b":{},"_coverageSchema":"1a1c01bbd47fc00a2c39e90264f33305004495a9","hash":"9ca295a3408aa64c86c31822423cb55aed012385"}
,"/home/toan/school-portal-admin/src/squads/communication/typings/permission-types.ts": {"path":"/home/toan/school-portal-admin/src/squads/communication/typings/permission-types.ts","statementMap":{},"fnMap":{},"branchMap":{},"s":{},"f":{},"b":{}}
,"/home/toan/school-portal-admin/src/squads/communication/typings/react-admin.ts": {"path":"/home/toan/school-portal-admin/src/squads/communication/typings/react-admin.ts","statementMap":{},"fnMap":{},"branchMap":{},"s":{},"f":{},"b":{}}
,"/home/toan/school-portal-admin/src/squads/communication/typings/react-component.ts": {"path":"/home/toan/school-portal-admin/src/squads/communication/typings/react-component.ts","statementMap":{},"fnMap":{},"branchMap":{},"s":{},"f":{},"b":{}}
,"/home/toan/school-portal-admin/src/squads/communication/typings/react-hook-form.ts": {"path":"/home/toan/school-portal-admin/src/squads/communication/typings/react-hook-form.ts","statementMap":{},"fnMap":{},"branchMap":{},"s":{},"f":{},"b":{}}
,"/home/toan/school-portal-admin/src/squads/communication/typings/remote.ts": {"path":"/home/toan/school-portal-admin/src/squads/communication/typings/remote.ts","statementMap":{},"fnMap":{},"branchMap":{},"s":{},"f":{},"b":{}}
,"/home/toan/school-portal-admin/src/squads/communication/typings/route-types.ts": {"path":"/home/toan/school-portal-admin/src/squads/communication/typings/route-types.ts","statementMap":{},"fnMap":{},"branchMap":{},"s":{},"f":{},"b":{}}
,"/home/toan/school-portal-admin/src/squads/communication/typings/support-types.ts": {"path":"/home/toan/school-portal-admin/src/squads/communication/typings/support-types.ts","statementMap":{},"fnMap":{},"branchMap":{},"s":{},"f":{},"b":{}}
}
